[2026-04-03T07:03:15.149+0000] {manager.py:469} INFO - Processing files using up to 2 processes at a time 
[2026-04-03T07:03:15.155+0000] {manager.py:470} INFO - Process each file at most once every 30 seconds
[2026-04-03T07:03:15.162+0000] {manager.py:471} INFO - Checking for new files in /opt/airflow/dags every 300 seconds
[2026-04-03T07:03:15.165+0000] {manager.py:738} INFO - Searching for files in /opt/airflow/dags
[2026-04-03T07:03:15.238+0000] {manager.py:741} INFO - There are 1 files in /opt/airflow/dags
[2026-04-03T07:03:16.126+0000] {manager.py:879} INFO - 
================================================================================
DAG File Processing Stats

File Path                                  PID  Runtime      # DAGs    # Errors  Last Runtime    Last Run
---------------------------------------  -----  ---------  --------  ----------  --------------  ----------
/opt/airflow/dags/ecommerce_pipeline.py    164  0.61s             0           0
================================================================================
[2026-04-03T07:03:46.633+0000] {manager.py:879} INFO - 
================================================================================
DAG File Processing Stats

File Path                                PID    Runtime      # DAGs    # Errors  Last Runtime    Last Run
---------------------------------------  -----  ---------  --------  ----------  --------------  -------------------
/opt/airflow/dags/ecommerce_pipeline.py                           1           0  0.99s           2026-04-03T07:03:16
================================================================================
[2026-04-03T07:04:17.551+0000] {manager.py:879} INFO - 
================================================================================
DAG File Processing Stats

File Path                                PID    Runtime      # DAGs    # Errors  Last Runtime    Last Run
---------------------------------------  -----  ---------  --------  ----------  --------------  -------------------
/opt/airflow/dags/ecommerce_pipeline.py                           1           0  3.08s           2026-04-03T07:03:49
================================================================================
[2026-04-03T07:04:48.250+0000] {manager.py:879} INFO - 
================================================================================
DAG File Processing Stats

File Path                                PID    Runtime      # DAGs    # Errors  Last Runtime    Last Run
---------------------------------------  -----  ---------  --------  ----------  --------------  -------------------
/opt/airflow/dags/ecommerce_pipeline.py                           1           0  0.31s           2026-04-03T07:04:20
================================================================================
[2026-04-03T07:05:18.520+0000] {manager.py:879} INFO - 
================================================================================
DAG File Processing Stats

File Path                                PID    Runtime      # DAGs    # Errors  Last Runtime    Last Run
---------------------------------------  -----  ---------  --------  ----------  --------------  -------------------
/opt/airflow/dags/ecommerce_pipeline.py                           1           0  1.57s           2026-04-03T07:04:52
================================================================================
[2026-04-03T07:05:48.910+0000] {manager.py:879} INFO - 
================================================================================
DAG File Processing Stats

File Path                                PID    Runtime      # DAGs    # Errors  Last Runtime    Last Run
---------------------------------------  -----  ---------  --------  ----------  --------------  -------------------
/opt/airflow/dags/ecommerce_pipeline.py                           1           0  0.60s           2026-04-03T07:05:24
================================================================================
[2026-04-03T07:06:18.975+0000] {manager.py:879} INFO - 
================================================================================
DAG File Processing Stats

File Path                                PID    Runtime      # DAGs    # Errors  Last Runtime    Last Run
---------------------------------------  -----  ---------  --------  ----------  --------------  -------------------
/opt/airflow/dags/ecommerce_pipeline.py                           1           0  0.33s           2026-04-03T07:05:54
================================================================================
[2026-04-03T07:06:49.196+0000] {manager.py:879} INFO - 
================================================================================
DAG File Processing Stats

File Path                                PID    Runtime      # DAGs    # Errors  Last Runtime    Last Run
---------------------------------------  -----  ---------  --------  ----------  --------------  -------------------
/opt/airflow/dags/ecommerce_pipeline.py                           1           0  0.27s           2026-04-03T07:06:25
================================================================================
[2026-04-03T07:07:19.658+0000] {manager.py:879} INFO - 
================================================================================
DAG File Processing Stats

File Path                                PID    Runtime      # DAGs    # Errors  Last Runtime    Last Run
---------------------------------------  -----  ---------  --------  ----------  --------------  -------------------
/opt/airflow/dags/ecommerce_pipeline.py                           1           0  0.26s           2026-04-03T07:06:55
================================================================================
[2026-04-03T07:07:50.126+0000] {manager.py:879} INFO - 
================================================================================
DAG File Processing Stats

File Path                                PID    Runtime      # DAGs    # Errors  Last Runtime    Last Run
---------------------------------------  -----  ---------  --------  ----------  --------------  -------------------
/opt/airflow/dags/ecommerce_pipeline.py                           1           0  0.20s           2026-04-03T07:07:26
================================================================================
[2026-04-03T07:08:15.323+0000] {manager.py:738} INFO - Searching for files in /opt/airflow/dags
[2026-04-03T07:08:15.541+0000] {manager.py:741} INFO - There are 1 files in /opt/airflow/dags
[2026-04-03T07:08:20.145+0000] {manager.py:879} INFO - 
================================================================================
DAG File Processing Stats

File Path                                PID    Runtime      # DAGs    # Errors  Last Runtime    Last Run
---------------------------------------  -----  ---------  --------  ----------  --------------  -------------------
/opt/airflow/dags/ecommerce_pipeline.py                           1           0  4.83s           2026-04-03T07:08:01
================================================================================
[2026-04-03T07:08:50.493+0000] {manager.py:879} INFO - 
================================================================================
DAG File Processing Stats

File Path                                PID    Runtime      # DAGs    # Errors  Last Runtime    Last Run
---------------------------------------  -----  ---------  --------  ----------  --------------  -------------------
/opt/airflow/dags/ecommerce_pipeline.py                           1           0  0.27s           2026-04-03T07:08:32
================================================================================
[2026-04-03T07:09:20.963+0000] {manager.py:879} INFO - 
================================================================================
DAG File Processing Stats

File Path                                PID    Runtime      # DAGs    # Errors  Last Runtime    Last Run
---------------------------------------  -----  ---------  --------  ----------  --------------  -------------------
/opt/airflow/dags/ecommerce_pipeline.py                           1           0  0.51s           2026-04-03T07:09:03
================================================================================
[2026-04-03T07:09:51.282+0000] {manager.py:879} INFO - 
================================================================================
DAG File Processing Stats

File Path                                PID    Runtime      # DAGs    # Errors  Last Runtime    Last Run
---------------------------------------  -----  ---------  --------  ----------  --------------  -------------------
/opt/airflow/dags/ecommerce_pipeline.py                           1           0  0.44s           2026-04-03T07:09:34
================================================================================
[2026-04-03T07:10:22.028+0000] {manager.py:879} INFO - 
================================================================================
DAG File Processing Stats

File Path                                PID    Runtime      # DAGs    # Errors  Last Runtime    Last Run
---------------------------------------  -----  ---------  --------  ----------  --------------  -------------------
/opt/airflow/dags/ecommerce_pipeline.py                           1           0  0.54s           2026-04-03T07:10:04
================================================================================
[2026-04-03T07:10:52.396+0000] {manager.py:879} INFO - 
================================================================================
DAG File Processing Stats

File Path                                PID    Runtime      # DAGs    # Errors  Last Runtime    Last Run
---------------------------------------  -----  ---------  --------  ----------  --------------  -------------------
/opt/airflow/dags/ecommerce_pipeline.py                           1           0  0.24s           2026-04-03T07:10:35
================================================================================
[2026-04-03T07:18:20.666+0000] {manager.py:469} INFO - Processing files using up to 2 processes at a time 
[2026-04-03T07:18:20.699+0000] {manager.py:470} INFO - Process each file at most once every 30 seconds
[2026-04-03T07:18:20.729+0000] {manager.py:471} INFO - Checking for new files in /opt/airflow/dags every 300 seconds
[2026-04-03T07:18:20.737+0000] {manager.py:738} INFO - Searching for files in /opt/airflow/dags
[2026-04-03T07:18:20.885+0000] {manager.py:741} INFO - There are 1 files in /opt/airflow/dags
[2026-04-03T07:18:21.705+0000] {manager.py:879} INFO - 
================================================================================
DAG File Processing Stats

File Path                                  PID  Runtime      # DAGs    # Errors  Last Runtime    Last Run
---------------------------------------  -----  ---------  --------  ----------  --------------  ----------
/opt/airflow/dags/ecommerce_pipeline.py    203  0.28s             0           0
================================================================================
[2026-04-03T07:18:51.836+0000] {manager.py:879} INFO - 
================================================================================
DAG File Processing Stats

File Path                                PID    Runtime      # DAGs    # Errors  Last Runtime    Last Run
---------------------------------------  -----  ---------  --------  ----------  --------------  -------------------
/opt/airflow/dags/ecommerce_pipeline.py                           1           0  3.21s           2026-04-03T07:18:24
================================================================================
[2026-04-03T07:26:33.049+0000] {manager.py:469} INFO - Processing files using up to 2 processes at a time 
[2026-04-03T07:26:33.052+0000] {manager.py:470} INFO - Process each file at most once every 30 seconds
[2026-04-03T07:26:33.054+0000] {manager.py:471} INFO - Checking for new files in /opt/airflow/dags every 300 seconds
[2026-04-03T07:26:33.056+0000] {manager.py:738} INFO - Searching for files in /opt/airflow/dags
[2026-04-03T07:26:33.109+0000] {manager.py:741} INFO - There are 1 files in /opt/airflow/dags
[2026-04-03T07:26:33.715+0000] {manager.py:879} INFO - 
================================================================================
DAG File Processing Stats

File Path                                  PID  Runtime      # DAGs    # Errors  Last Runtime    Last Run
---------------------------------------  -----  ---------  --------  ----------  --------------  ----------
/opt/airflow/dags/ecommerce_pipeline.py    190  0.11s             0           0
================================================================================
[2026-04-03T07:27:03.902+0000] {manager.py:879} INFO - 
================================================================================
DAG File Processing Stats

File Path                                PID    Runtime      # DAGs    # Errors  Last Runtime    Last Run
---------------------------------------  -----  ---------  --------  ----------  --------------  -------------------
/opt/airflow/dags/ecommerce_pipeline.py                           1           0  0.36s           2026-04-03T07:26:33
================================================================================
[2026-04-03T07:27:34.314+0000] {manager.py:879} INFO - 
================================================================================
DAG File Processing Stats

File Path                                PID    Runtime      # DAGs    # Errors  Last Runtime    Last Run
---------------------------------------  -----  ---------  --------  ----------  --------------  -------------------
/opt/airflow/dags/ecommerce_pipeline.py                           1           0  0.32s           2026-04-03T07:27:04
================================================================================
[2026-04-03T07:28:05.134+0000] {manager.py:879} INFO - 
================================================================================
DAG File Processing Stats

File Path                                  PID  Runtime      # DAGs    # Errors  Last Runtime    Last Run
---------------------------------------  -----  ---------  --------  ----------  --------------  -------------------
/opt/airflow/dags/ecommerce_pipeline.py    235  0.01s             1           0  0.16s           2026-04-03T07:27:34
================================================================================
[2026-04-03T07:28:35.558+0000] {manager.py:879} INFO - 
================================================================================
DAG File Processing Stats

File Path                                  PID  Runtime      # DAGs    # Errors  Last Runtime    Last Run
---------------------------------------  -----  ---------  --------  ----------  --------------  -------------------
/opt/airflow/dags/ecommerce_pipeline.py    425  0.01s             1           0  0.21s           2026-04-03T07:28:05
================================================================================
[2026-04-03T07:29:05.784+0000] {manager.py:879} INFO - 
================================================================================
DAG File Processing Stats

File Path                                PID    Runtime      # DAGs    # Errors  Last Runtime    Last Run
---------------------------------------  -----  ---------  --------  ----------  --------------  -------------------
/opt/airflow/dags/ecommerce_pipeline.py                           1           0  0.28s           2026-04-03T07:28:35
================================================================================
[2026-04-03T07:29:36.252+0000] {manager.py:879} INFO - 
================================================================================
DAG File Processing Stats

File Path                                  PID  Runtime      # DAGs    # Errors  Last Runtime    Last Run
---------------------------------------  -----  ---------  --------  ----------  --------------  -------------------
/opt/airflow/dags/ecommerce_pipeline.py    761  0.01s             1           0  0.16s           2026-04-03T07:29:06
================================================================================
[2026-04-03T07:30:06.597+0000] {manager.py:879} INFO - 
================================================================================
DAG File Processing Stats

File Path                                  PID  Runtime      # DAGs    # Errors  Last Runtime    Last Run
---------------------------------------  -----  ---------  --------  ----------  --------------  -------------------
/opt/airflow/dags/ecommerce_pipeline.py    766  0.00s             1           0  0.17s           2026-04-03T07:29:36
================================================================================
[2026-04-03T07:30:36.816+0000] {manager.py:879} INFO - 
================================================================================
DAG File Processing Stats

File Path                                  PID  Runtime      # DAGs    # Errors  Last Runtime    Last Run
---------------------------------------  -----  ---------  --------  ----------  --------------  -------------------
/opt/airflow/dags/ecommerce_pipeline.py    771  0.00s             1           0  0.15s           2026-04-03T07:30:06
================================================================================
[2026-04-03T07:31:07.135+0000] {manager.py:879} INFO - 
================================================================================
DAG File Processing Stats

File Path                                  PID  Runtime      # DAGs    # Errors  Last Runtime    Last Run
---------------------------------------  -----  ---------  --------  ----------  --------------  -------------------
/opt/airflow/dags/ecommerce_pipeline.py    796  0.00s             1           0  0.17s           2026-04-03T07:30:36
================================================================================
[2026-04-03T07:31:33.297+0000] {manager.py:738} INFO - Searching for files in /opt/airflow/dags
[2026-04-03T07:31:33.346+0000] {manager.py:741} INFO - There are 1 files in /opt/airflow/dags
[2026-04-03T07:31:37.401+0000] {manager.py:879} INFO - 
================================================================================
DAG File Processing Stats

File Path                                  PID  Runtime      # DAGs    # Errors  Last Runtime    Last Run
---------------------------------------  -----  ---------  --------  ----------  --------------  -------------------
/opt/airflow/dags/ecommerce_pipeline.py   1301  0.00s             1           0  0.17s           2026-04-03T07:31:07
================================================================================
