[2026-04-03T07:28:54.074+0000] {taskinstance.py:1956} INFO - Dependencies all met for dep_context=non-requeueable deps ti=<TaskInstance: ecommerce_pipeline.pipeline_health_check scheduled__2026-04-02T06:00:00+00:00 [queued]>
[2026-04-03T07:28:54.086+0000] {taskinstance.py:1956} INFO - Dependencies all met for dep_context=requeueable deps ti=<TaskInstance: ecommerce_pipeline.pipeline_health_check scheduled__2026-04-02T06:00:00+00:00 [queued]>
[2026-04-03T07:28:54.087+0000] {taskinstance.py:2170} INFO - Starting attempt 1 of 3
[2026-04-03T07:28:54.103+0000] {taskinstance.py:2191} INFO - Executing <Task(PythonOperator): pipeline_health_check> on 2026-04-02 06:00:00+00:00
[2026-04-03T07:28:54.110+0000] {standard_task_runner.py:60} INFO - Started process 741 to run task
[2026-04-03T07:28:54.115+0000] {standard_task_runner.py:87} INFO - Running: ['***', 'tasks', 'run', 'ecommerce_pipeline', 'pipeline_health_check', 'scheduled__2026-04-02T06:00:00+00:00', '--job-id', '42', '--raw', '--subdir', 'DAGS_FOLDER/ecommerce_pipeline.py', '--cfg-path', '/tmp/tmpup0b7mh8']
[2026-04-03T07:28:54.118+0000] {standard_task_runner.py:88} INFO - Job 42: Subtask pipeline_health_check
[2026-04-03T07:28:54.201+0000] {task_command.py:423} INFO - Running <TaskInstance: ecommerce_pipeline.pipeline_health_check scheduled__2026-04-02T06:00:00+00:00 [running]> on host e90da0356264
[2026-04-03T07:28:54.287+0000] {taskinstance.py:2480} INFO - Exporting env vars: AIRFLOW_CTX_DAG_OWNER='data-engineering' AIRFLOW_CTX_DAG_ID='ecommerce_pipeline' AIRFLOW_CTX_TASK_ID='pipeline_health_check' AIRFLOW_CTX_EXECUTION_DATE='2026-04-02T06:00:00+00:00' AIRFLOW_CTX_TRY_NUMBER='1' AIRFLOW_CTX_DAG_RUN_ID='scheduled__2026-04-02T06:00:00+00:00'
[2026-04-03T07:28:54.419+0000] {logging_mixin.py:188} INFO -   OK | bronze.products_raw: 194 rows (min: 100)
[2026-04-03T07:28:54.453+0000] {logging_mixin.py:188} INFO -   OK | bronze.carts_raw: 50 rows (min: 10)
[2026-04-03T07:28:54.457+0000] {logging_mixin.py:188} INFO -   OK | bronze.users_raw: 208 rows (min: 100)
[2026-04-03T07:28:54.459+0000] {logging_mixin.py:188} INFO -   OK | silver.dim_products: 194 rows (min: 100)
[2026-04-03T07:28:54.465+0000] {logging_mixin.py:188} INFO -   OK | silver.fct_carts: 50 rows (min: 10)
[2026-04-03T07:28:54.467+0000] {logging_mixin.py:188} INFO -   OK | gold.category_performance: 24 rows (min: 1)
[2026-04-03T07:28:54.470+0000] {logging_mixin.py:188} INFO -   OK | gold.top_products: 133 rows (min: 1)
[2026-04-03T07:28:54.477+0000] {logging_mixin.py:188} INFO - All health checks passed.
[2026-04-03T07:28:54.479+0000] {python.py:201} INFO - Done. Returned value was: None
[2026-04-03T07:28:54.500+0000] {taskinstance.py:1138} INFO - Marking task as SUCCESS. dag_id=ecommerce_pipeline, task_id=pipeline_health_check, execution_date=20260402T060000, start_date=20260403T072854, end_date=20260403T072854
[2026-04-03T07:28:54.570+0000] {local_task_job_runner.py:234} INFO - Task exited with return code 0
[2026-04-03T07:28:54.605+0000] {taskinstance.py:3280} INFO - 0 downstream tasks scheduled from follow-on schedule check
