[2026-04-03T07:08:25.295+0000] {taskinstance.py:1956} INFO - Dependencies all met for dep_context=non-requeueable deps ti=<TaskInstance: ecommerce_pipeline.load_to_bronze manual__2026-04-03T07:08:08.369634+00:00 [queued]>
[2026-04-03T07:08:25.332+0000] {taskinstance.py:1956} INFO - Dependencies all met for dep_context=requeueable deps ti=<TaskInstance: ecommerce_pipeline.load_to_bronze manual__2026-04-03T07:08:08.369634+00:00 [queued]>
[2026-04-03T07:08:25.333+0000] {taskinstance.py:2170} INFO - Starting attempt 1 of 3
[2026-04-03T07:08:25.375+0000] {taskinstance.py:2191} INFO - Executing <Task(PythonOperator): load_to_bronze> on 2026-04-03 07:08:08.369634+00:00
[2026-04-03T07:08:25.390+0000] {standard_task_runner.py:60} INFO - Started process 221 to run task
[2026-04-03T07:08:25.398+0000] {standard_task_runner.py:87} INFO - Running: ['***', 'tasks', 'run', 'ecommerce_pipeline', 'load_to_bronze', 'manual__2026-04-03T07:08:08.369634+00:00', '--job-id', '5', '--raw', '--subdir', 'DAGS_FOLDER/ecommerce_pipeline.py', '--cfg-path', '/tmp/tmpy5jfk5a3']
[2026-04-03T07:08:25.407+0000] {standard_task_runner.py:88} INFO - Job 5: Subtask load_to_bronze
[2026-04-03T07:08:25.610+0000] {task_command.py:423} INFO - Running <TaskInstance: ecommerce_pipeline.load_to_bronze manual__2026-04-03T07:08:08.369634+00:00 [running]> on host c469b5febd17
[2026-04-03T07:08:25.828+0000] {taskinstance.py:2480} INFO - Exporting env vars: AIRFLOW_CTX_DAG_OWNER='data-engineering' AIRFLOW_CTX_DAG_ID='ecommerce_pipeline' AIRFLOW_CTX_TASK_ID='load_to_bronze' AIRFLOW_CTX_EXECUTION_DATE='2026-04-03T07:08:08.369634+00:00' AIRFLOW_CTX_TRY_NUMBER='1' AIRFLOW_CTX_DAG_RUN_ID='manual__2026-04-03T07:08:08.369634+00:00'
[2026-04-03T07:08:25.870+0000] {taskinstance.py:2698} ERROR - Task failed with exception
Traceback (most recent call last):
  File "/home/airflow/.local/lib/python3.11/site-packages/airflow/models/taskinstance.py", line 433, in _execute_task
    result = execute_callable(context=context, **execute_callable_kwargs)
             ^^^^^^^^^^^^^^^^^^^^^^^^^^^^^^^^^^^^^^^^^^^^^^^^^^^^^^^^^^^^
  File "/home/airflow/.local/lib/python3.11/site-packages/airflow/operators/python.py", line 199, in execute
    return_value = self.execute_callable()
                   ^^^^^^^^^^^^^^^^^^^^^^^
  File "/home/airflow/.local/lib/python3.11/site-packages/airflow/operators/python.py", line 216, in execute_callable
    return self.python_callable(*self.op_args, **self.op_kwargs)
           ^^^^^^^^^^^^^^^^^^^^^^^^^^^^^^^^^^^^^^^^^^^^^^^^^^^^^
  File "/opt/airflow/dags/ecommerce_pipeline.py", line 44, in run_load
    from ingestion.load import run as load_bronze
  File "/opt/airflow/project/ingestion/load.py", line 2, in <module>
    import duckdb
ModuleNotFoundError: No module named 'duckdb'
[2026-04-03T07:08:25.928+0000] {taskinstance.py:1138} INFO - Marking task as UP_FOR_RETRY. dag_id=ecommerce_pipeline, task_id=load_to_bronze, execution_date=20260403T070808, start_date=20260403T070825, end_date=20260403T070825
[2026-04-03T07:08:25.960+0000] {standard_task_runner.py:107} ERROR - Failed to execute job 5 for task load_to_bronze (No module named 'duckdb'; 221)
[2026-04-03T07:08:26.017+0000] {local_task_job_runner.py:234} INFO - Task exited with return code 1
[2026-04-03T07:08:26.101+0000] {taskinstance.py:3280} INFO - 0 downstream tasks scheduled from follow-on schedule check
