[2026-04-03T07:08:16.883+0000] {taskinstance.py:1956} INFO - Dependencies all met for dep_context=non-requeueable deps ti=<TaskInstance: ecommerce_pipeline.extract_from_api manual__2026-04-03T07:08:08.369634+00:00 [queued]>
[2026-04-03T07:08:17.150+0000] {taskinstance.py:1956} INFO - Dependencies all met for dep_context=requeueable deps ti=<TaskInstance: ecommerce_pipeline.extract_from_api manual__2026-04-03T07:08:08.369634+00:00 [queued]>
[2026-04-03T07:08:17.220+0000] {taskinstance.py:2170} INFO - Starting attempt 1 of 3
[2026-04-03T07:08:17.410+0000] {taskinstance.py:2191} INFO - Executing <Task(PythonOperator): extract_from_api> on 2026-04-03 07:08:08.369634+00:00
[2026-04-03T07:08:17.483+0000] {standard_task_runner.py:60} INFO - Started process 217 to run task
[2026-04-03T07:08:17.491+0000] {standard_task_runner.py:87} INFO - Running: ['***', 'tasks', 'run', 'ecommerce_pipeline', 'extract_from_api', 'manual__2026-04-03T07:08:08.369634+00:00', '--job-id', '3', '--raw', '--subdir', 'DAGS_FOLDER/ecommerce_pipeline.py', '--cfg-path', '/tmp/tmppdygrck0']
[2026-04-03T07:08:17.554+0000] {standard_task_runner.py:88} INFO - Job 3: Subtask extract_from_api
[2026-04-03T07:08:18.317+0000] {task_command.py:423} INFO - Running <TaskInstance: ecommerce_pipeline.extract_from_api manual__2026-04-03T07:08:08.369634+00:00 [running]> on host c469b5febd17
[2026-04-03T07:08:18.789+0000] {taskinstance.py:2480} INFO - Exporting env vars: AIRFLOW_CTX_DAG_OWNER='data-engineering' AIRFLOW_CTX_DAG_ID='ecommerce_pipeline' AIRFLOW_CTX_TASK_ID='extract_from_api' AIRFLOW_CTX_EXECUTION_DATE='2026-04-03T07:08:08.369634+00:00' AIRFLOW_CTX_TRY_NUMBER='1' AIRFLOW_CTX_DAG_RUN_ID='manual__2026-04-03T07:08:08.369634+00:00'
[2026-04-03T07:08:18.873+0000] {logging_mixin.py:188} INFO - 
Ingestion run: 20260403T070818Z
[2026-04-03T07:08:18.875+0000] {logging_mixin.py:188} INFO - 
Fetching: products
[2026-04-03T07:08:20.044+0000] {logging_mixin.py:188} INFO -   Fetched 100/194 from /products
[2026-04-03T07:08:20.990+0000] {logging_mixin.py:188} INFO -   Fetched 194/194 from /products
[2026-04-03T07:08:21.069+0000] {logging_mixin.py:188} INFO -   Saved 194 records → data/raw/products_20260403T070818Z.json
[2026-04-03T07:08:21.070+0000] {logging_mixin.py:188} INFO - 
Fetching: carts
[2026-04-03T07:08:21.677+0000] {logging_mixin.py:188} INFO -   Fetched 50/50 from /carts
[2026-04-03T07:08:21.710+0000] {logging_mixin.py:188} INFO -   Saved 50 records → data/raw/carts_20260403T070818Z.json
[2026-04-03T07:08:21.711+0000] {logging_mixin.py:188} INFO - 
Fetching: users
[2026-04-03T07:08:22.434+0000] {logging_mixin.py:188} INFO -   Fetched 100/208 from /users
[2026-04-03T07:08:23.278+0000] {logging_mixin.py:188} INFO -   Fetched 200/208 from /users
[2026-04-03T07:08:23.716+0000] {logging_mixin.py:188} INFO -   Fetched 208/208 from /users
[2026-04-03T07:08:23.787+0000] {logging_mixin.py:188} INFO -   Saved 208 records → data/raw/users_20260403T070818Z.json
[2026-04-03T07:08:23.790+0000] {logging_mixin.py:188} INFO - 
--- Ingestion summary ---
[2026-04-03T07:08:23.791+0000] {logging_mixin.py:188} INFO -   products: {'count': 194, 'file': 'data/raw/products_20260403T070818Z.json'}
[2026-04-03T07:08:23.792+0000] {logging_mixin.py:188} INFO -   carts: {'count': 50, 'file': 'data/raw/carts_20260403T070818Z.json'}
[2026-04-03T07:08:23.793+0000] {logging_mixin.py:188} INFO -   users: {'count': 208, 'file': 'data/raw/users_20260403T070818Z.json'}
[2026-04-03T07:08:23.822+0000] {logging_mixin.py:188} INFO - Extracted: {'products': {'count': 194, 'file': 'data/raw/products_20260403T070818Z.json'}, 'carts': {'count': 50, 'file': 'data/raw/carts_20260403T070818Z.json'}, 'users': {'count': 208, 'file': 'data/raw/users_20260403T070818Z.json'}}
[2026-04-03T07:08:23.826+0000] {python.py:201} INFO - Done. Returned value was: None
[2026-04-03T07:08:23.849+0000] {taskinstance.py:1138} INFO - Marking task as SUCCESS. dag_id=ecommerce_pipeline, task_id=extract_from_api, execution_date=20260403T070808, start_date=20260403T070817, end_date=20260403T070823
[2026-04-03T07:08:23.949+0000] {local_task_job_runner.py:234} INFO - Task exited with return code 0
[2026-04-03T07:08:24.021+0000] {taskinstance.py:3280} INFO - 1 downstream tasks scheduled from follow-on schedule check
