[2026-04-03T07:28:08.565+0000] {taskinstance.py:1956} INFO - Dependencies all met for dep_context=non-requeueable deps ti=<TaskInstance: ecommerce_pipeline.dbt_run_silver scheduled__2026-04-02T06:00:00+00:00 [queued]>
[2026-04-03T07:28:08.581+0000] {taskinstance.py:1956} INFO - Dependencies all met for dep_context=requeueable deps ti=<TaskInstance: ecommerce_pipeline.dbt_run_silver scheduled__2026-04-02T06:00:00+00:00 [queued]>
[2026-04-03T07:28:08.582+0000] {taskinstance.py:2170} INFO - Starting attempt 1 of 3
[2026-04-03T07:28:08.606+0000] {taskinstance.py:2191} INFO - Executing <Task(BashOperator): dbt_run_silver> on 2026-04-02 06:00:00+00:00
[2026-04-03T07:28:08.617+0000] {standard_task_runner.py:60} INFO - Started process 241 to run task
[2026-04-03T07:28:08.622+0000] {standard_task_runner.py:87} INFO - Running: ['***', 'tasks', 'run', 'ecommerce_pipeline', 'dbt_run_silver', 'scheduled__2026-04-02T06:00:00+00:00', '--job-id', '39', '--raw', '--subdir', 'DAGS_FOLDER/ecommerce_pipeline.py', '--cfg-path', '/tmp/tmpyap65bua']
[2026-04-03T07:28:08.627+0000] {standard_task_runner.py:88} INFO - Job 39: Subtask dbt_run_silver
[2026-04-03T07:28:08.751+0000] {task_command.py:423} INFO - Running <TaskInstance: ecommerce_pipeline.dbt_run_silver scheduled__2026-04-02T06:00:00+00:00 [running]> on host e90da0356264
[2026-04-03T07:28:08.935+0000] {taskinstance.py:2480} INFO - Exporting env vars: AIRFLOW_CTX_DAG_OWNER='data-engineering' AIRFLOW_CTX_DAG_ID='ecommerce_pipeline' AIRFLOW_CTX_TASK_ID='dbt_run_silver' AIRFLOW_CTX_EXECUTION_DATE='2026-04-02T06:00:00+00:00' AIRFLOW_CTX_TRY_NUMBER='1' AIRFLOW_CTX_DAG_RUN_ID='scheduled__2026-04-02T06:00:00+00:00'
[2026-04-03T07:28:08.940+0000] {subprocess.py:63} INFO - Tmp dir root location: /tmp
[2026-04-03T07:28:08.953+0000] {subprocess.py:75} INFO - Running command: ['/usr/bin/bash', '-c', 'cd /opt/***/project/dbt_project/ecommerce_dbt && dbt run --select silver --profiles-dir /opt/***/project/dbt_project']
[2026-04-03T07:28:08.998+0000] {subprocess.py:86} INFO - Output:
[2026-04-03T07:28:13.932+0000] {subprocess.py:93} INFO - [0m07:28:13  Running with dbt=1.11.7
[2026-04-03T07:28:14.532+0000] {subprocess.py:93} INFO - [0m07:28:14  Registered adapter: duckdb=1.8.4
[2026-04-03T07:28:15.024+0000] {subprocess.py:93} INFO - [0m07:28:15  Unable to do partial parsing because profile has changed
[2026-04-03T07:28:17.400+0000] {subprocess.py:93} INFO - [0m07:28:17  [[33mWARNING[0m][MissingArgumentsPropertyInGenericTestDeprecation]: Deprecated
[2026-04-03T07:28:17.401+0000] {subprocess.py:93} INFO - functionality
[2026-04-03T07:28:17.402+0000] {subprocess.py:93} INFO - Found top-level arguments to test `accepted_values` defined on 'dim_products' in
[2026-04-03T07:28:17.403+0000] {subprocess.py:93} INFO - package 'ecommerce_dbt' (models/silver/schema.yml). Arguments to generic tests
[2026-04-03T07:28:17.403+0000] {subprocess.py:93} INFO - should be nested under the `arguments` property.
[2026-04-03T07:28:18.077+0000] {subprocess.py:93} INFO - [0m07:28:18  Found 8 models, 38 data tests, 8 sources, 457 macros
[2026-04-03T07:28:18.086+0000] {subprocess.py:93} INFO - [0m07:28:18
[2026-04-03T07:28:18.094+0000] {subprocess.py:93} INFO - [0m07:28:18  Concurrency: 1 threads (target='dev')
[2026-04-03T07:28:18.096+0000] {subprocess.py:93} INFO - [0m07:28:18
[2026-04-03T07:28:18.958+0000] {subprocess.py:93} INFO - [0m07:28:18  1 of 5 START sql table model silver.dim_products ............................... [RUN]
[2026-04-03T07:28:19.453+0000] {subprocess.py:93} INFO - [0m07:28:19  1 of 5 OK created sql table model silver.dim_products .......................... [[32mOK[0m in 0.48s]
[2026-04-03T07:28:19.462+0000] {subprocess.py:93} INFO - [0m07:28:19  2 of 5 START sql table model silver.dim_users .................................. [RUN]
[2026-04-03T07:28:19.858+0000] {subprocess.py:93} INFO - [0m07:28:19  2 of 5 OK created sql table model silver.dim_users ............................. [[32mOK[0m in 0.39s]
[2026-04-03T07:28:19.865+0000] {subprocess.py:93} INFO - [0m07:28:19  3 of 5 START sql table model silver.fct_cart_items ............................. [RUN]
[2026-04-03T07:28:20.149+0000] {subprocess.py:93} INFO - [0m07:28:20  3 of 5 OK created sql table model silver.fct_cart_items ........................ [[32mOK[0m in 0.28s]
[2026-04-03T07:28:20.156+0000] {subprocess.py:93} INFO - [0m07:28:20  4 of 5 START sql table model silver.fct_carts .................................. [RUN]
[2026-04-03T07:28:20.434+0000] {subprocess.py:93} INFO - [0m07:28:20  4 of 5 OK created sql table model silver.fct_carts ............................. [[32mOK[0m in 0.27s]
[2026-04-03T07:28:20.440+0000] {subprocess.py:93} INFO - [0m07:28:20  5 of 5 START sql table model silver.product_reviews ............................ [RUN]
[2026-04-03T07:28:20.754+0000] {subprocess.py:93} INFO - [0m07:28:20  5 of 5 OK created sql table model silver.product_reviews ....................... [[32mOK[0m in 0.31s]
[2026-04-03T07:28:20.842+0000] {subprocess.py:93} INFO - [0m07:28:20
[2026-04-03T07:28:20.844+0000] {subprocess.py:93} INFO - [0m07:28:20  Finished running 5 table models in 0 hours 0 minutes and 2.74 seconds (2.74s).
[2026-04-03T07:28:20.992+0000] {subprocess.py:93} INFO - [0m07:28:20
[2026-04-03T07:28:20.994+0000] {subprocess.py:93} INFO - [0m07:28:20  [32mCompleted successfully[0m
[2026-04-03T07:28:20.996+0000] {subprocess.py:93} INFO - [0m07:28:20
[2026-04-03T07:28:20.998+0000] {subprocess.py:93} INFO - [0m07:28:20  Done. PASS=5 WARN=0 ERROR=0 SKIP=0 NO-OP=0 TOTAL=5
[2026-04-03T07:28:21.000+0000] {subprocess.py:93} INFO - [0m07:28:21  [[33mWARNING[0m][DeprecationsSummary]: Deprecated functionality
[2026-04-03T07:28:21.001+0000] {subprocess.py:93} INFO - Summary of encountered deprecations:
[2026-04-03T07:28:21.001+0000] {subprocess.py:93} INFO - - MissingArgumentsPropertyInGenericTestDeprecation: 3 occurrences
[2026-04-03T07:28:21.002+0000] {subprocess.py:93} INFO - To see all deprecation instances instead of just the first occurrence of each,
[2026-04-03T07:28:21.002+0000] {subprocess.py:93} INFO - run command again with the `--show-all-deprecations` flag. You may also need to
[2026-04-03T07:28:21.003+0000] {subprocess.py:93} INFO - run with `--no-partial-parse` as some deprecations are only encountered during
[2026-04-03T07:28:21.003+0000] {subprocess.py:93} INFO - parsing.
[2026-04-03T07:28:22.777+0000] {subprocess.py:97} INFO - Command exited with return code 0
[2026-04-03T07:28:22.804+0000] {taskinstance.py:1138} INFO - Marking task as SUCCESS. dag_id=ecommerce_pipeline, task_id=dbt_run_silver, execution_date=20260402T060000, start_date=20260403T072808, end_date=20260403T072822
[2026-04-03T07:28:22.831+0000] {local_task_job_runner.py:234} INFO - Task exited with return code 0
[2026-04-03T07:28:22.854+0000] {taskinstance.py:3280} INFO - 1 downstream tasks scheduled from follow-on schedule check
