[2026-04-03T07:08:08.885+0000] {taskinstance.py:1956} INFO - Dependencies all met for dep_context=non-requeueable deps ti=<TaskInstance: ecommerce_pipeline.extract_from_api scheduled__2026-04-02T06:00:00+00:00 [queued]>
[2026-04-03T07:08:08.919+0000] {taskinstance.py:1956} INFO - Dependencies all met for dep_context=requeueable deps ti=<TaskInstance: ecommerce_pipeline.extract_from_api scheduled__2026-04-02T06:00:00+00:00 [queued]>
[2026-04-03T07:08:08.925+0000] {taskinstance.py:2170} INFO - Starting attempt 1 of 3
[2026-04-03T07:08:08.994+0000] {taskinstance.py:2191} INFO - Executing <Task(PythonOperator): extract_from_api> on 2026-04-02 06:00:00+00:00
[2026-04-03T07:08:09.214+0000] {standard_task_runner.py:60} INFO - Started process 215 to run task
[2026-04-03T07:08:09.237+0000] {standard_task_runner.py:87} INFO - Running: ['***', 'tasks', 'run', 'ecommerce_pipeline', 'extract_from_api', 'scheduled__2026-04-02T06:00:00+00:00', '--job-id', '2', '--raw', '--subdir', 'DAGS_FOLDER/ecommerce_pipeline.py', '--cfg-path', '/tmp/tmpwuwjkzvn']
[2026-04-03T07:08:09.254+0000] {standard_task_runner.py:88} INFO - Job 2: Subtask extract_from_api
[2026-04-03T07:08:10.163+0000] {task_command.py:423} INFO - Running <TaskInstance: ecommerce_pipeline.extract_from_api scheduled__2026-04-02T06:00:00+00:00 [running]> on host c469b5febd17
[2026-04-03T07:08:13.371+0000] {taskinstance.py:2480} INFO - Exporting env vars: AIRFLOW_CTX_DAG_OWNER='data-engineering' AIRFLOW_CTX_DAG_ID='ecommerce_pipeline' AIRFLOW_CTX_TASK_ID='extract_from_api' AIRFLOW_CTX_EXECUTION_DATE='2026-04-02T06:00:00+00:00' AIRFLOW_CTX_TRY_NUMBER='1' AIRFLOW_CTX_DAG_RUN_ID='scheduled__2026-04-02T06:00:00+00:00'
[2026-04-03T07:08:13.610+0000] {logging_mixin.py:188} INFO - 
Ingestion run: 20260403T070813Z
[2026-04-03T07:08:13.613+0000] {logging_mixin.py:188} INFO - 
Fetching: products
[2026-04-03T07:08:14.989+0000] {logging_mixin.py:188} INFO -   Fetched 100/194 from /products
[2026-04-03T07:08:16.218+0000] {logging_mixin.py:188} INFO -   Fetched 194/194 from /products
[2026-04-03T07:08:16.298+0000] {logging_mixin.py:188} INFO -   Saved 194 records → data/raw/products_20260403T070813Z.json
[2026-04-03T07:08:16.342+0000] {logging_mixin.py:188} INFO - 
Fetching: carts
[2026-04-03T07:08:17.114+0000] {logging_mixin.py:188} INFO -   Fetched 50/50 from /carts
[2026-04-03T07:08:17.194+0000] {logging_mixin.py:188} INFO -   Saved 50 records → data/raw/carts_20260403T070813Z.json
[2026-04-03T07:08:17.240+0000] {logging_mixin.py:188} INFO - 
Fetching: users
[2026-04-03T07:08:18.318+0000] {logging_mixin.py:188} INFO -   Fetched 100/208 from /users
[2026-04-03T07:08:19.419+0000] {logging_mixin.py:188} INFO -   Fetched 200/208 from /users
[2026-04-03T07:08:20.919+0000] {logging_mixin.py:188} INFO -   Fetched 208/208 from /users
[2026-04-03T07:08:21.038+0000] {logging_mixin.py:188} INFO -   Saved 208 records → data/raw/users_20260403T070813Z.json
[2026-04-03T07:08:21.042+0000] {logging_mixin.py:188} INFO - 
--- Ingestion summary ---
[2026-04-03T07:08:21.043+0000] {logging_mixin.py:188} INFO -   products: {'count': 194, 'file': 'data/raw/products_20260403T070813Z.json'}
[2026-04-03T07:08:21.046+0000] {logging_mixin.py:188} INFO -   carts: {'count': 50, 'file': 'data/raw/carts_20260403T070813Z.json'}
[2026-04-03T07:08:21.047+0000] {logging_mixin.py:188} INFO -   users: {'count': 208, 'file': 'data/raw/users_20260403T070813Z.json'}
[2026-04-03T07:08:21.134+0000] {logging_mixin.py:188} INFO - Extracted: {'products': {'count': 194, 'file': 'data/raw/products_20260403T070813Z.json'}, 'carts': {'count': 50, 'file': 'data/raw/carts_20260403T070813Z.json'}, 'users': {'count': 208, 'file': 'data/raw/users_20260403T070813Z.json'}}
[2026-04-03T07:08:21.136+0000] {python.py:201} INFO - Done. Returned value was: None
[2026-04-03T07:08:21.183+0000] {taskinstance.py:1138} INFO - Marking task as SUCCESS. dag_id=ecommerce_pipeline, task_id=extract_from_api, execution_date=20260402T060000, start_date=20260403T070808, end_date=20260403T070821
[2026-04-03T07:08:21.379+0000] {local_task_job_runner.py:234} INFO - Task exited with return code 0
[2026-04-03T07:08:21.468+0000] {taskinstance.py:3280} INFO - 1 downstream tasks scheduled from follow-on schedule check
[2026-04-03T07:27:53.941+0000] {taskinstance.py:1956} INFO - Dependencies all met for dep_context=non-requeueable deps ti=<TaskInstance: ecommerce_pipeline.extract_from_api scheduled__2026-04-02T06:00:00+00:00 [queued]>
[2026-04-03T07:27:53.985+0000] {taskinstance.py:1956} INFO - Dependencies all met for dep_context=requeueable deps ti=<TaskInstance: ecommerce_pipeline.extract_from_api scheduled__2026-04-02T06:00:00+00:00 [queued]>
[2026-04-03T07:27:53.985+0000] {taskinstance.py:2170} INFO - Starting attempt 1 of 3
[2026-04-03T07:27:54.035+0000] {taskinstance.py:2191} INFO - Executing <Task(PythonOperator): extract_from_api> on 2026-04-02 06:00:00+00:00
[2026-04-03T07:27:54.056+0000] {standard_task_runner.py:60} INFO - Started process 207 to run task
[2026-04-03T07:27:54.100+0000] {standard_task_runner.py:87} INFO - Running: ['***', 'tasks', 'run', 'ecommerce_pipeline', 'extract_from_api', 'scheduled__2026-04-02T06:00:00+00:00', '--job-id', '35', '--raw', '--subdir', 'DAGS_FOLDER/ecommerce_pipeline.py', '--cfg-path', '/tmp/tmp1vvsoxiu']
[2026-04-03T07:27:54.113+0000] {standard_task_runner.py:88} INFO - Job 35: Subtask extract_from_api
[2026-04-03T07:27:54.551+0000] {task_command.py:423} INFO - Running <TaskInstance: ecommerce_pipeline.extract_from_api scheduled__2026-04-02T06:00:00+00:00 [running]> on host e90da0356264
[2026-04-03T07:27:54.875+0000] {taskinstance.py:2480} INFO - Exporting env vars: AIRFLOW_CTX_DAG_OWNER='data-engineering' AIRFLOW_CTX_DAG_ID='ecommerce_pipeline' AIRFLOW_CTX_TASK_ID='extract_from_api' AIRFLOW_CTX_EXECUTION_DATE='2026-04-02T06:00:00+00:00' AIRFLOW_CTX_TRY_NUMBER='1' AIRFLOW_CTX_DAG_RUN_ID='scheduled__2026-04-02T06:00:00+00:00'
[2026-04-03T07:27:54.984+0000] {logging_mixin.py:188} INFO - 
Ingestion run: 20260403T072754Z
[2026-04-03T07:27:54.988+0000] {logging_mixin.py:188} INFO - 
Fetching: products
[2026-04-03T07:27:55.893+0000] {logging_mixin.py:188} INFO -   Fetched 100/194 from /products
[2026-04-03T07:27:56.572+0000] {logging_mixin.py:188} INFO -   Fetched 194/194 from /products
[2026-04-03T07:27:56.596+0000] {logging_mixin.py:188} INFO -   Saved 194 records → data/raw/products_20260403T072754Z.json
[2026-04-03T07:27:56.597+0000] {logging_mixin.py:188} INFO - 
Fetching: carts
[2026-04-03T07:27:56.961+0000] {logging_mixin.py:188} INFO -   Fetched 50/50 from /carts
[2026-04-03T07:27:56.972+0000] {logging_mixin.py:188} INFO -   Saved 50 records → data/raw/carts_20260403T072754Z.json
[2026-04-03T07:27:56.973+0000] {logging_mixin.py:188} INFO - 
Fetching: users
[2026-04-03T07:27:57.621+0000] {logging_mixin.py:188} INFO -   Fetched 100/208 from /users
[2026-04-03T07:27:58.268+0000] {logging_mixin.py:188} INFO -   Fetched 200/208 from /users
[2026-04-03T07:27:58.757+0000] {logging_mixin.py:188} INFO -   Fetched 208/208 from /users
[2026-04-03T07:27:58.811+0000] {logging_mixin.py:188} INFO -   Saved 208 records → data/raw/users_20260403T072754Z.json
[2026-04-03T07:27:58.813+0000] {logging_mixin.py:188} INFO - 
--- Ingestion summary ---
[2026-04-03T07:27:58.814+0000] {logging_mixin.py:188} INFO -   products: {'count': 194, 'file': 'data/raw/products_20260403T072754Z.json'}
[2026-04-03T07:27:58.815+0000] {logging_mixin.py:188} INFO -   carts: {'count': 50, 'file': 'data/raw/carts_20260403T072754Z.json'}
[2026-04-03T07:27:58.815+0000] {logging_mixin.py:188} INFO -   users: {'count': 208, 'file': 'data/raw/users_20260403T072754Z.json'}
[2026-04-03T07:27:58.841+0000] {logging_mixin.py:188} INFO - Extracted: {'products': {'count': 194, 'file': 'data/raw/products_20260403T072754Z.json'}, 'carts': {'count': 50, 'file': 'data/raw/carts_20260403T072754Z.json'}, 'users': {'count': 208, 'file': 'data/raw/users_20260403T072754Z.json'}}
[2026-04-03T07:27:58.846+0000] {python.py:201} INFO - Done. Returned value was: None
[2026-04-03T07:27:58.869+0000] {taskinstance.py:1138} INFO - Marking task as SUCCESS. dag_id=ecommerce_pipeline, task_id=extract_from_api, execution_date=20260402T060000, start_date=20260403T072753, end_date=20260403T072758
[2026-04-03T07:27:58.922+0000] {local_task_job_runner.py:234} INFO - Task exited with return code 0
[2026-04-03T07:27:58.976+0000] {taskinstance.py:3280} INFO - 1 downstream tasks scheduled from follow-on schedule check
