[2026-04-03T07:31:32.505+0000] {taskinstance.py:1956} INFO - Dependencies all met for dep_context=non-requeueable deps ti=<TaskInstance: ecommerce_pipeline.pipeline_health_check manual__2026-04-03T07:27:53.166320+00:00 [queued]>
[2026-04-03T07:31:32.514+0000] {taskinstance.py:1956} INFO - Dependencies all met for dep_context=requeueable deps ti=<TaskInstance: ecommerce_pipeline.pipeline_health_check manual__2026-04-03T07:27:53.166320+00:00 [queued]>
[2026-04-03T07:31:32.514+0000] {taskinstance.py:2170} INFO - Starting attempt 1 of 3
[2026-04-03T07:31:32.527+0000] {taskinstance.py:2191} INFO - Executing <Task(PythonOperator): pipeline_health_check> on 2026-04-03 07:27:53.166320+00:00
[2026-04-03T07:31:32.532+0000] {standard_task_runner.py:60} INFO - Started process 1286 to run task
[2026-04-03T07:31:32.535+0000] {standard_task_runner.py:87} INFO - Running: ['***', 'tasks', 'run', 'ecommerce_pipeline', 'pipeline_health_check', 'manual__2026-04-03T07:27:53.166320+00:00', '--job-id', '47', '--raw', '--subdir', 'DAGS_FOLDER/ecommerce_pipeline.py', '--cfg-path', '/tmp/tmp810cjpd2']
[2026-04-03T07:31:32.538+0000] {standard_task_runner.py:88} INFO - Job 47: Subtask pipeline_health_check
[2026-04-03T07:31:32.604+0000] {task_command.py:423} INFO - Running <TaskInstance: ecommerce_pipeline.pipeline_health_check manual__2026-04-03T07:27:53.166320+00:00 [running]> on host e90da0356264
[2026-04-03T07:31:32.681+0000] {taskinstance.py:2480} INFO - Exporting env vars: AIRFLOW_CTX_DAG_OWNER='data-engineering' AIRFLOW_CTX_DAG_ID='ecommerce_pipeline' AIRFLOW_CTX_TASK_ID='pipeline_health_check' AIRFLOW_CTX_EXECUTION_DATE='2026-04-03T07:27:53.166320+00:00' AIRFLOW_CTX_TRY_NUMBER='1' AIRFLOW_CTX_DAG_RUN_ID='manual__2026-04-03T07:27:53.166320+00:00'
[2026-04-03T07:31:32.773+0000] {logging_mixin.py:188} INFO -   OK | bronze.products_raw: 194 rows (min: 100)
[2026-04-03T07:31:32.775+0000] {logging_mixin.py:188} INFO -   OK | bronze.carts_raw: 50 rows (min: 10)
[2026-04-03T07:31:32.777+0000] {logging_mixin.py:188} INFO -   OK | bronze.users_raw: 208 rows (min: 100)
[2026-04-03T07:31:32.778+0000] {logging_mixin.py:188} INFO -   OK | silver.dim_products: 194 rows (min: 100)
[2026-04-03T07:31:32.779+0000] {logging_mixin.py:188} INFO -   OK | silver.fct_carts: 50 rows (min: 10)
[2026-04-03T07:31:32.780+0000] {logging_mixin.py:188} INFO -   OK | gold.category_performance: 24 rows (min: 1)
[2026-04-03T07:31:32.781+0000] {logging_mixin.py:188} INFO -   OK | gold.top_products: 133 rows (min: 1)
[2026-04-03T07:31:32.784+0000] {logging_mixin.py:188} INFO - All health checks passed.
[2026-04-03T07:31:32.785+0000] {python.py:201} INFO - Done. Returned value was: None
[2026-04-03T07:31:32.794+0000] {taskinstance.py:1138} INFO - Marking task as SUCCESS. dag_id=ecommerce_pipeline, task_id=pipeline_health_check, execution_date=20260403T072753, start_date=20260403T073132, end_date=20260403T073132
[2026-04-03T07:31:32.833+0000] {local_task_job_runner.py:234} INFO - Task exited with return code 0
[2026-04-03T07:31:32.850+0000] {taskinstance.py:3280} INFO - 0 downstream tasks scheduled from follow-on schedule check
