[2026-04-03T07:28:23.213+0000] {taskinstance.py:1956} INFO - Dependencies all met for dep_context=non-requeueable deps ti=<TaskInstance: ecommerce_pipeline.dbt_run_gold scheduled__2026-04-02T06:00:00+00:00 [queued]>
[2026-04-03T07:28:23.222+0000] {taskinstance.py:1956} INFO - Dependencies all met for dep_context=requeueable deps ti=<TaskInstance: ecommerce_pipeline.dbt_run_gold scheduled__2026-04-02T06:00:00+00:00 [queued]>
[2026-04-03T07:28:23.223+0000] {taskinstance.py:2170} INFO - Starting attempt 1 of 3
[2026-04-03T07:28:23.235+0000] {taskinstance.py:2191} INFO - Executing <Task(BashOperator): dbt_run_gold> on 2026-04-02 06:00:00+00:00
[2026-04-03T07:28:23.240+0000] {standard_task_runner.py:60} INFO - Started process 344 to run task
[2026-04-03T07:28:23.244+0000] {standard_task_runner.py:87} INFO - Running: ['***', 'tasks', 'run', 'ecommerce_pipeline', 'dbt_run_gold', 'scheduled__2026-04-02T06:00:00+00:00', '--job-id', '40', '--raw', '--subdir', 'DAGS_FOLDER/ecommerce_pipeline.py', '--cfg-path', '/tmp/tmp7_7ducsi']
[2026-04-03T07:28:23.246+0000] {standard_task_runner.py:88} INFO - Job 40: Subtask dbt_run_gold
[2026-04-03T07:28:23.308+0000] {task_command.py:423} INFO - Running <TaskInstance: ecommerce_pipeline.dbt_run_gold scheduled__2026-04-02T06:00:00+00:00 [running]> on host e90da0356264
[2026-04-03T07:28:23.377+0000] {taskinstance.py:2480} INFO - Exporting env vars: AIRFLOW_CTX_DAG_OWNER='data-engineering' AIRFLOW_CTX_DAG_ID='ecommerce_pipeline' AIRFLOW_CTX_TASK_ID='dbt_run_gold' AIRFLOW_CTX_EXECUTION_DATE='2026-04-02T06:00:00+00:00' AIRFLOW_CTX_TRY_NUMBER='1' AIRFLOW_CTX_DAG_RUN_ID='scheduled__2026-04-02T06:00:00+00:00'
[2026-04-03T07:28:23.379+0000] {subprocess.py:63} INFO - Tmp dir root location: /tmp
[2026-04-03T07:28:23.380+0000] {subprocess.py:75} INFO - Running command: ['/usr/bin/bash', '-c', 'cd /opt/***/project/dbt_project/ecommerce_dbt && dbt run --select gold --profiles-dir /opt/***/project/dbt_project']
[2026-04-03T07:28:23.390+0000] {subprocess.py:86} INFO - Output:
[2026-04-03T07:28:26.849+0000] {subprocess.py:93} INFO - [0m07:28:26  Running with dbt=1.11.7
[2026-04-03T07:28:27.665+0000] {subprocess.py:93} INFO - [0m07:28:27  Registered adapter: duckdb=1.8.4
[2026-04-03T07:28:30.174+0000] {subprocess.py:93} INFO - [0m07:28:30  Found 8 models, 38 data tests, 8 sources, 457 macros
[2026-04-03T07:28:30.188+0000] {subprocess.py:93} INFO - [0m07:28:30
[2026-04-03T07:28:30.191+0000] {subprocess.py:93} INFO - [0m07:28:30  Concurrency: 1 threads (target='dev')
[2026-04-03T07:28:30.194+0000] {subprocess.py:93} INFO - [0m07:28:30
[2026-04-03T07:28:31.575+0000] {subprocess.py:93} INFO - [0m07:28:31  1 of 3 START sql table model gold.category_performance ......................... [RUN]
[2026-04-03T07:28:32.007+0000] {subprocess.py:93} INFO - [0m07:28:32  1 of 3 OK created sql table model gold.category_performance .................... [[32mOK[0m in 0.42s]
[2026-04-03T07:28:32.018+0000] {subprocess.py:93} INFO - [0m07:28:32  2 of 3 START sql table model gold.daily_revenue ................................ [RUN]
[2026-04-03T07:28:32.331+0000] {subprocess.py:93} INFO - [0m07:28:32  2 of 3 OK created sql table model gold.daily_revenue ........................... [[32mOK[0m in 0.31s]
[2026-04-03T07:28:32.338+0000] {subprocess.py:93} INFO - [0m07:28:32  3 of 3 START sql table model gold.top_products ................................. [RUN]
[2026-04-03T07:28:32.652+0000] {subprocess.py:93} INFO - [0m07:28:32  3 of 3 OK created sql table model gold.top_products ............................ [[32mOK[0m in 0.31s]
[2026-04-03T07:28:32.757+0000] {subprocess.py:93} INFO - [0m07:28:32
[2026-04-03T07:28:32.759+0000] {subprocess.py:93} INFO - [0m07:28:32  Finished running 3 table models in 0 hours 0 minutes and 2.56 seconds (2.56s).
[2026-04-03T07:28:32.876+0000] {subprocess.py:93} INFO - [0m07:28:32
[2026-04-03T07:28:32.878+0000] {subprocess.py:93} INFO - [0m07:28:32  [32mCompleted successfully[0m
[2026-04-03T07:28:32.880+0000] {subprocess.py:93} INFO - [0m07:28:32
[2026-04-03T07:28:32.882+0000] {subprocess.py:93} INFO - [0m07:28:32  Done. PASS=3 WARN=0 ERROR=0 SKIP=0 NO-OP=0 TOTAL=3
[2026-04-03T07:28:34.781+0000] {subprocess.py:97} INFO - Command exited with return code 0
[2026-04-03T07:28:34.823+0000] {taskinstance.py:1138} INFO - Marking task as SUCCESS. dag_id=ecommerce_pipeline, task_id=dbt_run_gold, execution_date=20260402T060000, start_date=20260403T072823, end_date=20260403T072834
[2026-04-03T07:28:34.872+0000] {local_task_job_runner.py:234} INFO - Task exited with return code 0
[2026-04-03T07:28:34.918+0000] {taskinstance.py:3280} INFO - 1 downstream tasks scheduled from follow-on schedule check
