[2026-04-03T07:31:06.371+0000] {taskinstance.py:1956} INFO - Dependencies all met for dep_context=non-requeueable deps ti=<TaskInstance: ecommerce_pipeline.dbt_run_silver manual__2026-04-03T07:27:53.166320+00:00 [queued]>
[2026-04-03T07:31:06.383+0000] {taskinstance.py:1956} INFO - Dependencies all met for dep_context=requeueable deps ti=<TaskInstance: ecommerce_pipeline.dbt_run_silver manual__2026-04-03T07:27:53.166320+00:00 [queued]>
[2026-04-03T07:31:06.384+0000] {taskinstance.py:2170} INFO - Starting attempt 1 of 3
[2026-04-03T07:31:06.401+0000] {taskinstance.py:2191} INFO - Executing <Task(BashOperator): dbt_run_silver> on 2026-04-03 07:27:53.166320+00:00
[2026-04-03T07:31:06.408+0000] {standard_task_runner.py:60} INFO - Started process 794 to run task
[2026-04-03T07:31:06.413+0000] {standard_task_runner.py:87} INFO - Running: ['***', 'tasks', 'run', 'ecommerce_pipeline', 'dbt_run_silver', 'manual__2026-04-03T07:27:53.166320+00:00', '--job-id', '44', '--raw', '--subdir', 'DAGS_FOLDER/ecommerce_pipeline.py', '--cfg-path', '/tmp/tmpjtrwjk8f']
[2026-04-03T07:31:06.418+0000] {standard_task_runner.py:88} INFO - Job 44: Subtask dbt_run_silver
[2026-04-03T07:31:06.506+0000] {task_command.py:423} INFO - Running <TaskInstance: ecommerce_pipeline.dbt_run_silver manual__2026-04-03T07:27:53.166320+00:00 [running]> on host e90da0356264
[2026-04-03T07:31:06.595+0000] {taskinstance.py:2480} INFO - Exporting env vars: AIRFLOW_CTX_DAG_OWNER='data-engineering' AIRFLOW_CTX_DAG_ID='ecommerce_pipeline' AIRFLOW_CTX_TASK_ID='dbt_run_silver' AIRFLOW_CTX_EXECUTION_DATE='2026-04-03T07:27:53.166320+00:00' AIRFLOW_CTX_TRY_NUMBER='1' AIRFLOW_CTX_DAG_RUN_ID='manual__2026-04-03T07:27:53.166320+00:00'
[2026-04-03T07:31:06.597+0000] {subprocess.py:63} INFO - Tmp dir root location: /tmp
[2026-04-03T07:31:06.598+0000] {subprocess.py:75} INFO - Running command: ['/usr/bin/bash', '-c', 'cd /opt/***/project/dbt_project/ecommerce_dbt && dbt run --select silver --profiles-dir /opt/***/project/dbt_project']
[2026-04-03T07:31:06.607+0000] {subprocess.py:86} INFO - Output:
[2026-04-03T07:31:08.379+0000] {subprocess.py:93} INFO - [0m07:31:08  Running with dbt=1.11.7
[2026-04-03T07:31:08.700+0000] {subprocess.py:93} INFO - [0m07:31:08  Registered adapter: duckdb=1.8.4
[2026-04-03T07:31:09.530+0000] {subprocess.py:93} INFO - [0m07:31:09  Found 8 models, 38 data tests, 8 sources, 457 macros
[2026-04-03T07:31:09.536+0000] {subprocess.py:93} INFO - [0m07:31:09
[2026-04-03T07:31:09.538+0000] {subprocess.py:93} INFO - [0m07:31:09  Concurrency: 1 threads (target='dev')
[2026-04-03T07:31:09.540+0000] {subprocess.py:93} INFO - [0m07:31:09
[2026-04-03T07:31:10.072+0000] {subprocess.py:93} INFO - [0m07:31:10  1 of 5 START sql table model silver.dim_products ............................... [RUN]
[2026-04-03T07:31:10.362+0000] {subprocess.py:93} INFO - [0m07:31:10  1 of 5 OK created sql table model silver.dim_products .......................... [[32mOK[0m in 0.28s]
[2026-04-03T07:31:10.367+0000] {subprocess.py:93} INFO - [0m07:31:10  2 of 5 START sql table model silver.dim_users .................................. [RUN]
[2026-04-03T07:31:10.595+0000] {subprocess.py:93} INFO - [0m07:31:10  2 of 5 OK created sql table model silver.dim_users ............................. [[32mOK[0m in 0.22s]
[2026-04-03T07:31:10.601+0000] {subprocess.py:93} INFO - [0m07:31:10  3 of 5 START sql table model silver.fct_cart_items ............................. [RUN]
[2026-04-03T07:31:10.825+0000] {subprocess.py:93} INFO - [0m07:31:10  3 of 5 OK created sql table model silver.fct_cart_items ........................ [[32mOK[0m in 0.22s]
[2026-04-03T07:31:10.831+0000] {subprocess.py:93} INFO - [0m07:31:10  4 of 5 START sql table model silver.fct_carts .................................. [RUN]
[2026-04-03T07:31:11.029+0000] {subprocess.py:93} INFO - [0m07:31:11  4 of 5 OK created sql table model silver.fct_carts ............................. [[32mOK[0m in 0.19s]
[2026-04-03T07:31:11.035+0000] {subprocess.py:93} INFO - [0m07:31:11  5 of 5 START sql table model silver.product_reviews ............................ [RUN]
[2026-04-03T07:31:11.241+0000] {subprocess.py:93} INFO - [0m07:31:11  5 of 5 OK created sql table model silver.product_reviews ....................... [[32mOK[0m in 0.20s]
[2026-04-03T07:31:11.317+0000] {subprocess.py:93} INFO - [0m07:31:11
[2026-04-03T07:31:11.319+0000] {subprocess.py:93} INFO - [0m07:31:11  Finished running 5 table models in 0 hours 0 minutes and 1.78 seconds (1.78s).
[2026-04-03T07:31:11.424+0000] {subprocess.py:93} INFO - [0m07:31:11
[2026-04-03T07:31:11.426+0000] {subprocess.py:93} INFO - [0m07:31:11  [32mCompleted successfully[0m
[2026-04-03T07:31:11.428+0000] {subprocess.py:93} INFO - [0m07:31:11
[2026-04-03T07:31:11.430+0000] {subprocess.py:93} INFO - [0m07:31:11  Done. PASS=5 WARN=0 ERROR=0 SKIP=0 NO-OP=0 TOTAL=5
[2026-04-03T07:31:13.566+0000] {subprocess.py:97} INFO - Command exited with return code 0
[2026-04-03T07:31:13.601+0000] {taskinstance.py:1138} INFO - Marking task as SUCCESS. dag_id=ecommerce_pipeline, task_id=dbt_run_silver, execution_date=20260403T072753, start_date=20260403T073106, end_date=20260403T073113
[2026-04-03T07:31:13.620+0000] {local_task_job_runner.py:234} INFO - Task exited with return code 0
[2026-04-03T07:31:13.645+0000] {taskinstance.py:3280} INFO - 1 downstream tasks scheduled from follow-on schedule check
