[2026-04-03T07:03:15.822+0000] {processor.py:161} INFO - Started process (PID=164) to work on /opt/airflow/dags/ecommerce_pipeline.py
[2026-04-03T07:03:15.862+0000] {processor.py:830} INFO - Processing file /opt/airflow/dags/ecommerce_pipeline.py for tasks to queue
[2026-04-03T07:03:15.884+0000] {logging_mixin.py:188} INFO - [2026-04-03T07:03:15.883+0000] {dagbag.py:538} INFO - Filling up the DagBag from /opt/airflow/dags/ecommerce_pipeline.py
[2026-04-03T07:03:16.126+0000] {processor.py:840} INFO - DAG(s) 'ecommerce_pipeline' retrieved from /opt/airflow/dags/ecommerce_pipeline.py
[2026-04-03T07:03:16.248+0000] {logging_mixin.py:188} INFO - [2026-04-03T07:03:16.248+0000] {dag.py:3036} INFO - Sync 1 DAGs
[2026-04-03T07:03:16.367+0000] {logging_mixin.py:188} INFO - [2026-04-03T07:03:16.367+0000] {dag.py:3823} INFO - Setting next_dagrun for ecommerce_pipeline to 2026-04-02 06:00:00+00:00, run_after=2026-04-03 06:00:00+00:00
[2026-04-03T07:03:16.462+0000] {processor.py:183} INFO - Processing /opt/airflow/dags/ecommerce_pipeline.py took 0.819 seconds
[2026-04-03T07:03:47.125+0000] {processor.py:161} INFO - Started process (PID=169) to work on /opt/airflow/dags/ecommerce_pipeline.py
[2026-04-03T07:03:47.172+0000] {processor.py:830} INFO - Processing file /opt/airflow/dags/ecommerce_pipeline.py for tasks to queue
[2026-04-03T07:03:47.213+0000] {logging_mixin.py:188} INFO - [2026-04-03T07:03:47.194+0000] {dagbag.py:538} INFO - Filling up the DagBag from /opt/airflow/dags/ecommerce_pipeline.py
[2026-04-03T07:03:47.411+0000] {processor.py:840} INFO - DAG(s) 'ecommerce_pipeline' retrieved from /opt/airflow/dags/ecommerce_pipeline.py
[2026-04-03T07:03:49.473+0000] {logging_mixin.py:188} INFO - [2026-04-03T07:03:49.472+0000] {dag.py:3036} INFO - Sync 1 DAGs
[2026-04-03T07:03:49.560+0000] {logging_mixin.py:188} INFO - [2026-04-03T07:03:49.559+0000] {dag.py:3823} INFO - Setting next_dagrun for ecommerce_pipeline to 2026-04-02 06:00:00+00:00, run_after=2026-04-03 06:00:00+00:00
[2026-04-03T07:03:49.794+0000] {processor.py:183} INFO - Processing /opt/airflow/dags/ecommerce_pipeline.py took 2.733 seconds
[2026-04-03T07:04:20.618+0000] {processor.py:161} INFO - Started process (PID=174) to work on /opt/airflow/dags/ecommerce_pipeline.py
[2026-04-03T07:04:20.621+0000] {processor.py:830} INFO - Processing file /opt/airflow/dags/ecommerce_pipeline.py for tasks to queue
[2026-04-03T07:04:20.624+0000] {logging_mixin.py:188} INFO - [2026-04-03T07:04:20.623+0000] {dagbag.py:538} INFO - Filling up the DagBag from /opt/airflow/dags/ecommerce_pipeline.py
[2026-04-03T07:04:20.690+0000] {processor.py:840} INFO - DAG(s) 'ecommerce_pipeline' retrieved from /opt/airflow/dags/ecommerce_pipeline.py
[2026-04-03T07:04:20.773+0000] {logging_mixin.py:188} INFO - [2026-04-03T07:04:20.772+0000] {dag.py:3036} INFO - Sync 1 DAGs
[2026-04-03T07:04:20.831+0000] {logging_mixin.py:188} INFO - [2026-04-03T07:04:20.831+0000] {dag.py:3823} INFO - Setting next_dagrun for ecommerce_pipeline to 2026-04-02 06:00:00+00:00, run_after=2026-04-03 06:00:00+00:00
[2026-04-03T07:04:20.875+0000] {processor.py:183} INFO - Processing /opt/airflow/dags/ecommerce_pipeline.py took 0.264 seconds
[2026-04-03T07:04:51.927+0000] {processor.py:161} INFO - Started process (PID=179) to work on /opt/airflow/dags/ecommerce_pipeline.py
[2026-04-03T07:04:51.939+0000] {processor.py:830} INFO - Processing file /opt/airflow/dags/ecommerce_pipeline.py for tasks to queue
[2026-04-03T07:04:51.943+0000] {logging_mixin.py:188} INFO - [2026-04-03T07:04:51.942+0000] {dagbag.py:538} INFO - Filling up the DagBag from /opt/airflow/dags/ecommerce_pipeline.py
[2026-04-03T07:04:52.039+0000] {processor.py:840} INFO - DAG(s) 'ecommerce_pipeline' retrieved from /opt/airflow/dags/ecommerce_pipeline.py
[2026-04-03T07:04:52.199+0000] {logging_mixin.py:188} INFO - [2026-04-03T07:04:52.198+0000] {dag.py:3036} INFO - Sync 1 DAGs
[2026-04-03T07:04:52.478+0000] {logging_mixin.py:188} INFO - [2026-04-03T07:04:52.477+0000] {dag.py:3823} INFO - Setting next_dagrun for ecommerce_pipeline to 2026-04-02 06:00:00+00:00, run_after=2026-04-03 06:00:00+00:00
[2026-04-03T07:04:52.923+0000] {processor.py:183} INFO - Processing /opt/airflow/dags/ecommerce_pipeline.py took 1.004 seconds
[2026-04-03T07:05:23.572+0000] {processor.py:161} INFO - Started process (PID=184) to work on /opt/airflow/dags/ecommerce_pipeline.py
[2026-04-03T07:05:23.579+0000] {processor.py:830} INFO - Processing file /opt/airflow/dags/ecommerce_pipeline.py for tasks to queue
[2026-04-03T07:05:23.585+0000] {logging_mixin.py:188} INFO - [2026-04-03T07:05:23.583+0000] {dagbag.py:538} INFO - Filling up the DagBag from /opt/airflow/dags/ecommerce_pipeline.py
[2026-04-03T07:05:23.701+0000] {processor.py:840} INFO - DAG(s) 'ecommerce_pipeline' retrieved from /opt/airflow/dags/ecommerce_pipeline.py
[2026-04-03T07:05:23.854+0000] {logging_mixin.py:188} INFO - [2026-04-03T07:05:23.854+0000] {dag.py:3036} INFO - Sync 1 DAGs
[2026-04-03T07:05:23.947+0000] {logging_mixin.py:188} INFO - [2026-04-03T07:05:23.946+0000] {dag.py:3823} INFO - Setting next_dagrun for ecommerce_pipeline to 2026-04-02 06:00:00+00:00, run_after=2026-04-03 06:00:00+00:00
[2026-04-03T07:05:24.030+0000] {processor.py:183} INFO - Processing /opt/airflow/dags/ecommerce_pipeline.py took 0.479 seconds
[2026-04-03T07:05:54.480+0000] {processor.py:161} INFO - Started process (PID=189) to work on /opt/airflow/dags/ecommerce_pipeline.py
[2026-04-03T07:05:54.488+0000] {processor.py:830} INFO - Processing file /opt/airflow/dags/ecommerce_pipeline.py for tasks to queue
[2026-04-03T07:05:54.492+0000] {logging_mixin.py:188} INFO - [2026-04-03T07:05:54.491+0000] {dagbag.py:538} INFO - Filling up the DagBag from /opt/airflow/dags/ecommerce_pipeline.py
[2026-04-03T07:05:54.576+0000] {processor.py:840} INFO - DAG(s) 'ecommerce_pipeline' retrieved from /opt/airflow/dags/ecommerce_pipeline.py
[2026-04-03T07:05:54.644+0000] {logging_mixin.py:188} INFO - [2026-04-03T07:05:54.644+0000] {dag.py:3036} INFO - Sync 1 DAGs
[2026-04-03T07:05:54.692+0000] {logging_mixin.py:188} INFO - [2026-04-03T07:05:54.691+0000] {dag.py:3823} INFO - Setting next_dagrun for ecommerce_pipeline to 2026-04-02 06:00:00+00:00, run_after=2026-04-03 06:00:00+00:00
[2026-04-03T07:05:54.746+0000] {processor.py:183} INFO - Processing /opt/airflow/dags/ecommerce_pipeline.py took 0.276 seconds
[2026-04-03T07:06:25.072+0000] {processor.py:161} INFO - Started process (PID=194) to work on /opt/airflow/dags/ecommerce_pipeline.py
[2026-04-03T07:06:25.075+0000] {processor.py:830} INFO - Processing file /opt/airflow/dags/ecommerce_pipeline.py for tasks to queue
[2026-04-03T07:06:25.079+0000] {logging_mixin.py:188} INFO - [2026-04-03T07:06:25.078+0000] {dagbag.py:538} INFO - Filling up the DagBag from /opt/airflow/dags/ecommerce_pipeline.py
[2026-04-03T07:06:25.150+0000] {processor.py:840} INFO - DAG(s) 'ecommerce_pipeline' retrieved from /opt/airflow/dags/ecommerce_pipeline.py
[2026-04-03T07:06:25.206+0000] {logging_mixin.py:188} INFO - [2026-04-03T07:06:25.206+0000] {dag.py:3036} INFO - Sync 1 DAGs
[2026-04-03T07:06:25.246+0000] {logging_mixin.py:188} INFO - [2026-04-03T07:06:25.245+0000] {dag.py:3823} INFO - Setting next_dagrun for ecommerce_pipeline to 2026-04-02 06:00:00+00:00, run_after=2026-04-03 06:00:00+00:00
[2026-04-03T07:06:25.284+0000] {processor.py:183} INFO - Processing /opt/airflow/dags/ecommerce_pipeline.py took 0.217 seconds
[2026-04-03T07:06:55.538+0000] {processor.py:161} INFO - Started process (PID=199) to work on /opt/airflow/dags/ecommerce_pipeline.py
[2026-04-03T07:06:55.540+0000] {processor.py:830} INFO - Processing file /opt/airflow/dags/ecommerce_pipeline.py for tasks to queue
[2026-04-03T07:06:55.542+0000] {logging_mixin.py:188} INFO - [2026-04-03T07:06:55.541+0000] {dagbag.py:538} INFO - Filling up the DagBag from /opt/airflow/dags/ecommerce_pipeline.py
[2026-04-03T07:06:55.601+0000] {processor.py:840} INFO - DAG(s) 'ecommerce_pipeline' retrieved from /opt/airflow/dags/ecommerce_pipeline.py
[2026-04-03T07:06:55.675+0000] {logging_mixin.py:188} INFO - [2026-04-03T07:06:55.675+0000] {dag.py:3036} INFO - Sync 1 DAGs
[2026-04-03T07:06:55.715+0000] {logging_mixin.py:188} INFO - [2026-04-03T07:06:55.714+0000] {dag.py:3823} INFO - Setting next_dagrun for ecommerce_pipeline to 2026-04-02 06:00:00+00:00, run_after=2026-04-03 06:00:00+00:00
[2026-04-03T07:06:55.746+0000] {processor.py:183} INFO - Processing /opt/airflow/dags/ecommerce_pipeline.py took 0.215 seconds
[2026-04-03T07:07:25.978+0000] {processor.py:161} INFO - Started process (PID=204) to work on /opt/airflow/dags/ecommerce_pipeline.py
[2026-04-03T07:07:25.981+0000] {processor.py:830} INFO - Processing file /opt/airflow/dags/ecommerce_pipeline.py for tasks to queue
[2026-04-03T07:07:25.982+0000] {logging_mixin.py:188} INFO - [2026-04-03T07:07:25.982+0000] {dagbag.py:538} INFO - Filling up the DagBag from /opt/airflow/dags/ecommerce_pipeline.py
[2026-04-03T07:07:26.030+0000] {processor.py:840} INFO - DAG(s) 'ecommerce_pipeline' retrieved from /opt/airflow/dags/ecommerce_pipeline.py
[2026-04-03T07:07:26.073+0000] {logging_mixin.py:188} INFO - [2026-04-03T07:07:26.073+0000] {dag.py:3036} INFO - Sync 1 DAGs
[2026-04-03T07:07:26.104+0000] {logging_mixin.py:188} INFO - [2026-04-03T07:07:26.104+0000] {dag.py:3823} INFO - Setting next_dagrun for ecommerce_pipeline to 2026-04-02 06:00:00+00:00, run_after=2026-04-03 06:00:00+00:00
[2026-04-03T07:07:26.131+0000] {processor.py:183} INFO - Processing /opt/airflow/dags/ecommerce_pipeline.py took 0.157 seconds
[2026-04-03T07:07:57.948+0000] {processor.py:161} INFO - Started process (PID=209) to work on /opt/airflow/dags/ecommerce_pipeline.py
[2026-04-03T07:07:57.960+0000] {processor.py:830} INFO - Processing file /opt/airflow/dags/ecommerce_pipeline.py for tasks to queue
[2026-04-03T07:07:58.013+0000] {logging_mixin.py:188} INFO - [2026-04-03T07:07:57.985+0000] {dagbag.py:538} INFO - Filling up the DagBag from /opt/airflow/dags/ecommerce_pipeline.py
[2026-04-03T07:07:59.223+0000] {processor.py:840} INFO - DAG(s) 'ecommerce_pipeline' retrieved from /opt/airflow/dags/ecommerce_pipeline.py
[2026-04-03T07:07:59.454+0000] {logging_mixin.py:188} INFO - [2026-04-03T07:07:59.454+0000] {dag.py:3036} INFO - Sync 1 DAGs
[2026-04-03T07:08:00.356+0000] {logging_mixin.py:188} INFO - [2026-04-03T07:08:00.355+0000] {dag.py:3823} INFO - Setting next_dagrun for ecommerce_pipeline to 2026-04-02 06:00:00+00:00, run_after=2026-04-03 06:00:00+00:00
[2026-04-03T07:08:01.127+0000] {processor.py:183} INFO - Processing /opt/airflow/dags/ecommerce_pipeline.py took 3.221 seconds
[2026-04-03T07:08:32.268+0000] {processor.py:161} INFO - Started process (PID=222) to work on /opt/airflow/dags/ecommerce_pipeline.py
[2026-04-03T07:08:32.271+0000] {processor.py:830} INFO - Processing file /opt/airflow/dags/ecommerce_pipeline.py for tasks to queue
[2026-04-03T07:08:32.273+0000] {logging_mixin.py:188} INFO - [2026-04-03T07:08:32.272+0000] {dagbag.py:538} INFO - Filling up the DagBag from /opt/airflow/dags/ecommerce_pipeline.py
[2026-04-03T07:08:32.348+0000] {processor.py:840} INFO - DAG(s) 'ecommerce_pipeline' retrieved from /opt/airflow/dags/ecommerce_pipeline.py
[2026-04-03T07:08:32.399+0000] {logging_mixin.py:188} INFO - [2026-04-03T07:08:32.398+0000] {dag.py:3036} INFO - Sync 1 DAGs
[2026-04-03T07:08:32.436+0000] {logging_mixin.py:188} INFO - [2026-04-03T07:08:32.435+0000] {dag.py:3823} INFO - Setting next_dagrun for ecommerce_pipeline to 2026-04-03 06:00:00+00:00, run_after=2026-04-04 06:00:00+00:00
[2026-04-03T07:08:32.479+0000] {processor.py:183} INFO - Processing /opt/airflow/dags/ecommerce_pipeline.py took 0.219 seconds
[2026-04-03T07:09:02.819+0000] {processor.py:161} INFO - Started process (PID=227) to work on /opt/airflow/dags/ecommerce_pipeline.py
[2026-04-03T07:09:02.822+0000] {processor.py:830} INFO - Processing file /opt/airflow/dags/ecommerce_pipeline.py for tasks to queue
[2026-04-03T07:09:02.826+0000] {logging_mixin.py:188} INFO - [2026-04-03T07:09:02.824+0000] {dagbag.py:538} INFO - Filling up the DagBag from /opt/airflow/dags/ecommerce_pipeline.py
[2026-04-03T07:09:02.906+0000] {processor.py:840} INFO - DAG(s) 'ecommerce_pipeline' retrieved from /opt/airflow/dags/ecommerce_pipeline.py
[2026-04-03T07:09:03.018+0000] {logging_mixin.py:188} INFO - [2026-04-03T07:09:03.017+0000] {dag.py:3036} INFO - Sync 1 DAGs
[2026-04-03T07:09:03.101+0000] {logging_mixin.py:188} INFO - [2026-04-03T07:09:03.101+0000] {dag.py:3823} INFO - Setting next_dagrun for ecommerce_pipeline to 2026-04-03 06:00:00+00:00, run_after=2026-04-04 06:00:00+00:00
[2026-04-03T07:09:03.158+0000] {processor.py:183} INFO - Processing /opt/airflow/dags/ecommerce_pipeline.py took 0.351 seconds
[2026-04-03T07:09:33.673+0000] {processor.py:161} INFO - Started process (PID=232) to work on /opt/airflow/dags/ecommerce_pipeline.py
[2026-04-03T07:09:33.680+0000] {processor.py:830} INFO - Processing file /opt/airflow/dags/ecommerce_pipeline.py for tasks to queue
[2026-04-03T07:09:33.682+0000] {logging_mixin.py:188} INFO - [2026-04-03T07:09:33.681+0000] {dagbag.py:538} INFO - Filling up the DagBag from /opt/airflow/dags/ecommerce_pipeline.py
[2026-04-03T07:09:33.761+0000] {processor.py:840} INFO - DAG(s) 'ecommerce_pipeline' retrieved from /opt/airflow/dags/ecommerce_pipeline.py
[2026-04-03T07:09:33.844+0000] {logging_mixin.py:188} INFO - [2026-04-03T07:09:33.844+0000] {dag.py:3036} INFO - Sync 1 DAGs
[2026-04-03T07:09:33.946+0000] {logging_mixin.py:188} INFO - [2026-04-03T07:09:33.944+0000] {dag.py:3823} INFO - Setting next_dagrun for ecommerce_pipeline to 2026-04-03 06:00:00+00:00, run_after=2026-04-04 06:00:00+00:00
[2026-04-03T07:09:34.014+0000] {processor.py:183} INFO - Processing /opt/airflow/dags/ecommerce_pipeline.py took 0.350 seconds
[2026-04-03T07:10:04.493+0000] {processor.py:161} INFO - Started process (PID=237) to work on /opt/airflow/dags/ecommerce_pipeline.py
[2026-04-03T07:10:04.500+0000] {processor.py:830} INFO - Processing file /opt/airflow/dags/ecommerce_pipeline.py for tasks to queue
[2026-04-03T07:10:04.505+0000] {logging_mixin.py:188} INFO - [2026-04-03T07:10:04.504+0000] {dagbag.py:538} INFO - Filling up the DagBag from /opt/airflow/dags/ecommerce_pipeline.py
[2026-04-03T07:10:04.622+0000] {processor.py:840} INFO - DAG(s) 'ecommerce_pipeline' retrieved from /opt/airflow/dags/ecommerce_pipeline.py
[2026-04-03T07:10:04.815+0000] {logging_mixin.py:188} INFO - [2026-04-03T07:10:04.815+0000] {dag.py:3036} INFO - Sync 1 DAGs
[2026-04-03T07:10:04.886+0000] {logging_mixin.py:188} INFO - [2026-04-03T07:10:04.885+0000] {dag.py:3823} INFO - Setting next_dagrun for ecommerce_pipeline to 2026-04-03 06:00:00+00:00, run_after=2026-04-04 06:00:00+00:00
[2026-04-03T07:10:04.936+0000] {processor.py:183} INFO - Processing /opt/airflow/dags/ecommerce_pipeline.py took 0.451 seconds
[2026-04-03T07:10:35.179+0000] {processor.py:161} INFO - Started process (PID=242) to work on /opt/airflow/dags/ecommerce_pipeline.py
[2026-04-03T07:10:35.181+0000] {processor.py:830} INFO - Processing file /opt/airflow/dags/ecommerce_pipeline.py for tasks to queue
[2026-04-03T07:10:35.183+0000] {logging_mixin.py:188} INFO - [2026-04-03T07:10:35.182+0000] {dagbag.py:538} INFO - Filling up the DagBag from /opt/airflow/dags/ecommerce_pipeline.py
[2026-04-03T07:10:35.227+0000] {processor.py:840} INFO - DAG(s) 'ecommerce_pipeline' retrieved from /opt/airflow/dags/ecommerce_pipeline.py
[2026-04-03T07:10:35.277+0000] {logging_mixin.py:188} INFO - [2026-04-03T07:10:35.276+0000] {dag.py:3036} INFO - Sync 1 DAGs
[2026-04-03T07:10:35.320+0000] {logging_mixin.py:188} INFO - [2026-04-03T07:10:35.320+0000] {dag.py:3823} INFO - Setting next_dagrun for ecommerce_pipeline to 2026-04-03 06:00:00+00:00, run_after=2026-04-04 06:00:00+00:00
[2026-04-03T07:10:35.360+0000] {processor.py:183} INFO - Processing /opt/airflow/dags/ecommerce_pipeline.py took 0.186 seconds
[2026-04-03T07:18:21.682+0000] {processor.py:161} INFO - Started process (PID=203) to work on /opt/airflow/dags/ecommerce_pipeline.py
[2026-04-03T07:18:21.688+0000] {processor.py:830} INFO - Processing file /opt/airflow/dags/ecommerce_pipeline.py for tasks to queue
[2026-04-03T07:18:21.704+0000] {logging_mixin.py:188} INFO - [2026-04-03T07:18:21.700+0000] {dagbag.py:538} INFO - Filling up the DagBag from /opt/airflow/dags/ecommerce_pipeline.py
[2026-04-03T07:18:22.064+0000] {processor.py:840} INFO - DAG(s) 'ecommerce_pipeline' retrieved from /opt/airflow/dags/ecommerce_pipeline.py
[2026-04-03T07:18:24.234+0000] {logging_mixin.py:188} INFO - [2026-04-03T07:18:24.233+0000] {dag.py:3036} INFO - Sync 1 DAGs
[2026-04-03T07:18:24.394+0000] {logging_mixin.py:188} INFO - [2026-04-03T07:18:24.393+0000] {dag.py:3823} INFO - Setting next_dagrun for ecommerce_pipeline to 2026-04-02 06:00:00+00:00, run_after=2026-04-03 06:00:00+00:00
[2026-04-03T07:18:24.541+0000] {processor.py:183} INFO - Processing /opt/airflow/dags/ecommerce_pipeline.py took 2.898 seconds
[2026-04-03T07:18:54.988+0000] {processor.py:161} INFO - Started process (PID=208) to work on /opt/airflow/dags/ecommerce_pipeline.py
[2026-04-03T07:18:54.990+0000] {processor.py:830} INFO - Processing file /opt/airflow/dags/ecommerce_pipeline.py for tasks to queue
[2026-04-03T07:18:54.993+0000] {logging_mixin.py:188} INFO - [2026-04-03T07:18:54.992+0000] {dagbag.py:538} INFO - Filling up the DagBag from /opt/airflow/dags/ecommerce_pipeline.py
[2026-04-03T07:18:55.074+0000] {processor.py:840} INFO - DAG(s) 'ecommerce_pipeline' retrieved from /opt/airflow/dags/ecommerce_pipeline.py
[2026-04-03T07:18:55.140+0000] {logging_mixin.py:188} INFO - [2026-04-03T07:18:55.139+0000] {dag.py:3036} INFO - Sync 1 DAGs
[2026-04-03T07:18:55.208+0000] {logging_mixin.py:188} INFO - [2026-04-03T07:18:55.205+0000] {dag.py:3823} INFO - Setting next_dagrun for ecommerce_pipeline to 2026-04-02 06:00:00+00:00, run_after=2026-04-03 06:00:00+00:00
[2026-04-03T07:18:55.265+0000] {processor.py:183} INFO - Processing /opt/airflow/dags/ecommerce_pipeline.py took 0.280 seconds
[2026-04-03T07:26:33.655+0000] {processor.py:161} INFO - Started process (PID=190) to work on /opt/airflow/dags/ecommerce_pipeline.py
[2026-04-03T07:26:33.659+0000] {processor.py:830} INFO - Processing file /opt/airflow/dags/ecommerce_pipeline.py for tasks to queue
[2026-04-03T07:26:33.662+0000] {logging_mixin.py:188} INFO - [2026-04-03T07:26:33.661+0000] {dagbag.py:538} INFO - Filling up the DagBag from /opt/airflow/dags/ecommerce_pipeline.py
[2026-04-03T07:26:33.738+0000] {processor.py:840} INFO - DAG(s) 'ecommerce_pipeline' retrieved from /opt/airflow/dags/ecommerce_pipeline.py
[2026-04-03T07:26:33.808+0000] {logging_mixin.py:188} INFO - [2026-04-03T07:26:33.808+0000] {dag.py:3036} INFO - Sync 1 DAGs
[2026-04-03T07:26:33.869+0000] {logging_mixin.py:188} INFO - [2026-04-03T07:26:33.868+0000] {dag.py:3823} INFO - Setting next_dagrun for ecommerce_pipeline to 2026-04-02 06:00:00+00:00, run_after=2026-04-03 06:00:00+00:00
[2026-04-03T07:26:33.932+0000] {processor.py:183} INFO - Processing /opt/airflow/dags/ecommerce_pipeline.py took 0.284 seconds
[2026-04-03T07:27:04.176+0000] {processor.py:161} INFO - Started process (PID=195) to work on /opt/airflow/dags/ecommerce_pipeline.py
[2026-04-03T07:27:04.178+0000] {processor.py:830} INFO - Processing file /opt/airflow/dags/ecommerce_pipeline.py for tasks to queue
[2026-04-03T07:27:04.179+0000] {logging_mixin.py:188} INFO - [2026-04-03T07:27:04.179+0000] {dagbag.py:538} INFO - Filling up the DagBag from /opt/airflow/dags/ecommerce_pipeline.py
[2026-04-03T07:27:04.213+0000] {processor.py:840} INFO - DAG(s) 'ecommerce_pipeline' retrieved from /opt/airflow/dags/ecommerce_pipeline.py
[2026-04-03T07:27:04.406+0000] {logging_mixin.py:188} INFO - [2026-04-03T07:27:04.406+0000] {dag.py:3036} INFO - Sync 1 DAGs
[2026-04-03T07:27:04.429+0000] {logging_mixin.py:188} INFO - [2026-04-03T07:27:04.428+0000] {dag.py:3823} INFO - Setting next_dagrun for ecommerce_pipeline to 2026-04-02 06:00:00+00:00, run_after=2026-04-03 06:00:00+00:00
[2026-04-03T07:27:04.451+0000] {processor.py:183} INFO - Processing /opt/airflow/dags/ecommerce_pipeline.py took 0.281 seconds
[2026-04-03T07:27:34.661+0000] {processor.py:161} INFO - Started process (PID=200) to work on /opt/airflow/dags/ecommerce_pipeline.py
[2026-04-03T07:27:34.662+0000] {processor.py:830} INFO - Processing file /opt/airflow/dags/ecommerce_pipeline.py for tasks to queue
[2026-04-03T07:27:34.664+0000] {logging_mixin.py:188} INFO - [2026-04-03T07:27:34.663+0000] {dagbag.py:538} INFO - Filling up the DagBag from /opt/airflow/dags/ecommerce_pipeline.py
[2026-04-03T07:27:34.700+0000] {processor.py:840} INFO - DAG(s) 'ecommerce_pipeline' retrieved from /opt/airflow/dags/ecommerce_pipeline.py
[2026-04-03T07:27:34.734+0000] {logging_mixin.py:188} INFO - [2026-04-03T07:27:34.734+0000] {dag.py:3036} INFO - Sync 1 DAGs
[2026-04-03T07:27:34.762+0000] {logging_mixin.py:188} INFO - [2026-04-03T07:27:34.761+0000] {dag.py:3823} INFO - Setting next_dagrun for ecommerce_pipeline to 2026-04-02 06:00:00+00:00, run_after=2026-04-03 06:00:00+00:00
[2026-04-03T07:27:34.786+0000] {processor.py:183} INFO - Processing /opt/airflow/dags/ecommerce_pipeline.py took 0.130 seconds
[2026-04-03T07:28:05.164+0000] {processor.py:161} INFO - Started process (PID=235) to work on /opt/airflow/dags/ecommerce_pipeline.py
[2026-04-03T07:28:05.166+0000] {processor.py:830} INFO - Processing file /opt/airflow/dags/ecommerce_pipeline.py for tasks to queue
[2026-04-03T07:28:05.167+0000] {logging_mixin.py:188} INFO - [2026-04-03T07:28:05.167+0000] {dagbag.py:538} INFO - Filling up the DagBag from /opt/airflow/dags/ecommerce_pipeline.py
[2026-04-03T07:28:05.210+0000] {processor.py:840} INFO - DAG(s) 'ecommerce_pipeline' retrieved from /opt/airflow/dags/ecommerce_pipeline.py
[2026-04-03T07:28:05.262+0000] {logging_mixin.py:188} INFO - [2026-04-03T07:28:05.262+0000] {dag.py:3036} INFO - Sync 1 DAGs
[2026-04-03T07:28:05.297+0000] {logging_mixin.py:188} INFO - [2026-04-03T07:28:05.297+0000] {dag.py:3823} INFO - Setting next_dagrun for ecommerce_pipeline to 2026-04-03 06:00:00+00:00, run_after=2026-04-04 06:00:00+00:00
[2026-04-03T07:28:05.325+0000] {processor.py:183} INFO - Processing /opt/airflow/dags/ecommerce_pipeline.py took 0.166 seconds
[2026-04-03T07:28:35.606+0000] {processor.py:161} INFO - Started process (PID=425) to work on /opt/airflow/dags/ecommerce_pipeline.py
[2026-04-03T07:28:35.609+0000] {processor.py:830} INFO - Processing file /opt/airflow/dags/ecommerce_pipeline.py for tasks to queue
[2026-04-03T07:28:35.618+0000] {logging_mixin.py:188} INFO - [2026-04-03T07:28:35.616+0000] {dagbag.py:538} INFO - Filling up the DagBag from /opt/airflow/dags/ecommerce_pipeline.py
[2026-04-03T07:28:35.680+0000] {processor.py:840} INFO - DAG(s) 'ecommerce_pipeline' retrieved from /opt/airflow/dags/ecommerce_pipeline.py
[2026-04-03T07:28:35.748+0000] {logging_mixin.py:188} INFO - [2026-04-03T07:28:35.748+0000] {dag.py:3036} INFO - Sync 1 DAGs
[2026-04-03T07:28:35.785+0000] {logging_mixin.py:188} INFO - [2026-04-03T07:28:35.784+0000] {dag.py:3823} INFO - Setting next_dagrun for ecommerce_pipeline to 2026-04-03 06:00:00+00:00, run_after=2026-04-04 06:00:00+00:00
[2026-04-03T07:28:35.816+0000] {processor.py:183} INFO - Processing /opt/airflow/dags/ecommerce_pipeline.py took 0.216 seconds
[2026-04-03T07:29:06.060+0000] {processor.py:161} INFO - Started process (PID=756) to work on /opt/airflow/dags/ecommerce_pipeline.py
[2026-04-03T07:29:06.063+0000] {processor.py:830} INFO - Processing file /opt/airflow/dags/ecommerce_pipeline.py for tasks to queue
[2026-04-03T07:29:06.064+0000] {logging_mixin.py:188} INFO - [2026-04-03T07:29:06.064+0000] {dagbag.py:538} INFO - Filling up the DagBag from /opt/airflow/dags/ecommerce_pipeline.py
[2026-04-03T07:29:06.106+0000] {processor.py:840} INFO - DAG(s) 'ecommerce_pipeline' retrieved from /opt/airflow/dags/ecommerce_pipeline.py
[2026-04-03T07:29:06.137+0000] {logging_mixin.py:188} INFO - [2026-04-03T07:29:06.137+0000] {dag.py:3036} INFO - Sync 1 DAGs
[2026-04-03T07:29:06.158+0000] {logging_mixin.py:188} INFO - [2026-04-03T07:29:06.158+0000] {dag.py:3823} INFO - Setting next_dagrun for ecommerce_pipeline to 2026-04-03 06:00:00+00:00, run_after=2026-04-04 06:00:00+00:00
[2026-04-03T07:29:06.177+0000] {processor.py:183} INFO - Processing /opt/airflow/dags/ecommerce_pipeline.py took 0.121 seconds
[2026-04-03T07:29:36.285+0000] {processor.py:161} INFO - Started process (PID=761) to work on /opt/airflow/dags/ecommerce_pipeline.py
[2026-04-03T07:29:36.287+0000] {processor.py:830} INFO - Processing file /opt/airflow/dags/ecommerce_pipeline.py for tasks to queue
[2026-04-03T07:29:36.288+0000] {logging_mixin.py:188} INFO - [2026-04-03T07:29:36.288+0000] {dagbag.py:538} INFO - Filling up the DagBag from /opt/airflow/dags/ecommerce_pipeline.py
[2026-04-03T07:29:36.323+0000] {processor.py:840} INFO - DAG(s) 'ecommerce_pipeline' retrieved from /opt/airflow/dags/ecommerce_pipeline.py
[2026-04-03T07:29:36.351+0000] {logging_mixin.py:188} INFO - [2026-04-03T07:29:36.351+0000] {dag.py:3036} INFO - Sync 1 DAGs
[2026-04-03T07:29:36.374+0000] {logging_mixin.py:188} INFO - [2026-04-03T07:29:36.374+0000] {dag.py:3823} INFO - Setting next_dagrun for ecommerce_pipeline to 2026-04-03 06:00:00+00:00, run_after=2026-04-04 06:00:00+00:00
[2026-04-03T07:29:36.407+0000] {processor.py:183} INFO - Processing /opt/airflow/dags/ecommerce_pipeline.py took 0.124 seconds
[2026-04-03T07:30:06.628+0000] {processor.py:161} INFO - Started process (PID=766) to work on /opt/airflow/dags/ecommerce_pipeline.py
[2026-04-03T07:30:06.629+0000] {processor.py:830} INFO - Processing file /opt/airflow/dags/ecommerce_pipeline.py for tasks to queue
[2026-04-03T07:30:06.630+0000] {logging_mixin.py:188} INFO - [2026-04-03T07:30:06.630+0000] {dagbag.py:538} INFO - Filling up the DagBag from /opt/airflow/dags/ecommerce_pipeline.py
[2026-04-03T07:30:06.671+0000] {processor.py:840} INFO - DAG(s) 'ecommerce_pipeline' retrieved from /opt/airflow/dags/ecommerce_pipeline.py
[2026-04-03T07:30:06.699+0000] {logging_mixin.py:188} INFO - [2026-04-03T07:30:06.699+0000] {dag.py:3036} INFO - Sync 1 DAGs
[2026-04-03T07:30:06.719+0000] {logging_mixin.py:188} INFO - [2026-04-03T07:30:06.719+0000] {dag.py:3823} INFO - Setting next_dagrun for ecommerce_pipeline to 2026-04-03 06:00:00+00:00, run_after=2026-04-04 06:00:00+00:00
[2026-04-03T07:30:06.737+0000] {processor.py:183} INFO - Processing /opt/airflow/dags/ecommerce_pipeline.py took 0.112 seconds
[2026-04-03T07:30:36.839+0000] {processor.py:161} INFO - Started process (PID=771) to work on /opt/airflow/dags/ecommerce_pipeline.py
[2026-04-03T07:30:36.840+0000] {processor.py:830} INFO - Processing file /opt/airflow/dags/ecommerce_pipeline.py for tasks to queue
[2026-04-03T07:30:36.842+0000] {logging_mixin.py:188} INFO - [2026-04-03T07:30:36.841+0000] {dagbag.py:538} INFO - Filling up the DagBag from /opt/airflow/dags/ecommerce_pipeline.py
[2026-04-03T07:30:36.881+0000] {processor.py:840} INFO - DAG(s) 'ecommerce_pipeline' retrieved from /opt/airflow/dags/ecommerce_pipeline.py
[2026-04-03T07:30:36.911+0000] {logging_mixin.py:188} INFO - [2026-04-03T07:30:36.910+0000] {dag.py:3036} INFO - Sync 1 DAGs
[2026-04-03T07:30:36.936+0000] {logging_mixin.py:188} INFO - [2026-04-03T07:30:36.936+0000] {dag.py:3823} INFO - Setting next_dagrun for ecommerce_pipeline to 2026-04-03 06:00:00+00:00, run_after=2026-04-04 06:00:00+00:00
[2026-04-03T07:30:36.967+0000] {processor.py:183} INFO - Processing /opt/airflow/dags/ecommerce_pipeline.py took 0.131 seconds
[2026-04-03T07:31:07.166+0000] {processor.py:161} INFO - Started process (PID=796) to work on /opt/airflow/dags/ecommerce_pipeline.py
[2026-04-03T07:31:07.167+0000] {processor.py:830} INFO - Processing file /opt/airflow/dags/ecommerce_pipeline.py for tasks to queue
[2026-04-03T07:31:07.168+0000] {logging_mixin.py:188} INFO - [2026-04-03T07:31:07.168+0000] {dagbag.py:538} INFO - Filling up the DagBag from /opt/airflow/dags/ecommerce_pipeline.py
[2026-04-03T07:31:07.204+0000] {processor.py:840} INFO - DAG(s) 'ecommerce_pipeline' retrieved from /opt/airflow/dags/ecommerce_pipeline.py
[2026-04-03T07:31:07.234+0000] {logging_mixin.py:188} INFO - [2026-04-03T07:31:07.233+0000] {dag.py:3036} INFO - Sync 1 DAGs
[2026-04-03T07:31:07.260+0000] {logging_mixin.py:188} INFO - [2026-04-03T07:31:07.260+0000] {dag.py:3823} INFO - Setting next_dagrun for ecommerce_pipeline to 2026-04-03 06:00:00+00:00, run_after=2026-04-04 06:00:00+00:00
[2026-04-03T07:31:07.286+0000] {processor.py:183} INFO - Processing /opt/airflow/dags/ecommerce_pipeline.py took 0.124 seconds
[2026-04-03T07:31:37.418+0000] {processor.py:161} INFO - Started process (PID=1301) to work on /opt/airflow/dags/ecommerce_pipeline.py
[2026-04-03T07:31:37.419+0000] {processor.py:830} INFO - Processing file /opt/airflow/dags/ecommerce_pipeline.py for tasks to queue
[2026-04-03T07:31:37.421+0000] {logging_mixin.py:188} INFO - [2026-04-03T07:31:37.420+0000] {dagbag.py:538} INFO - Filling up the DagBag from /opt/airflow/dags/ecommerce_pipeline.py
[2026-04-03T07:31:37.448+0000] {processor.py:840} INFO - DAG(s) 'ecommerce_pipeline' retrieved from /opt/airflow/dags/ecommerce_pipeline.py
[2026-04-03T07:31:37.479+0000] {logging_mixin.py:188} INFO - [2026-04-03T07:31:37.479+0000] {dag.py:3036} INFO - Sync 1 DAGs
[2026-04-03T07:31:37.498+0000] {logging_mixin.py:188} INFO - [2026-04-03T07:31:37.497+0000] {dag.py:3823} INFO - Setting next_dagrun for ecommerce_pipeline to 2026-04-03 06:00:00+00:00, run_after=2026-04-04 06:00:00+00:00
[2026-04-03T07:31:37.519+0000] {processor.py:183} INFO - Processing /opt/airflow/dags/ecommerce_pipeline.py took 0.105 seconds
[2026-04-03T07:32:07.730+0000] {processor.py:161} INFO - Started process (PID=1306) to work on /opt/airflow/dags/ecommerce_pipeline.py
[2026-04-03T07:32:07.731+0000] {processor.py:830} INFO - Processing file /opt/airflow/dags/ecommerce_pipeline.py for tasks to queue
[2026-04-03T07:32:07.733+0000] {logging_mixin.py:188} INFO - [2026-04-03T07:32:07.732+0000] {dagbag.py:538} INFO - Filling up the DagBag from /opt/airflow/dags/ecommerce_pipeline.py
[2026-04-03T07:32:07.776+0000] {processor.py:840} INFO - DAG(s) 'ecommerce_pipeline' retrieved from /opt/airflow/dags/ecommerce_pipeline.py
[2026-04-03T07:32:07.819+0000] {logging_mixin.py:188} INFO - [2026-04-03T07:32:07.819+0000] {dag.py:3036} INFO - Sync 1 DAGs
[2026-04-03T07:32:07.858+0000] {logging_mixin.py:188} INFO - [2026-04-03T07:32:07.858+0000] {dag.py:3823} INFO - Setting next_dagrun for ecommerce_pipeline to 2026-04-03 06:00:00+00:00, run_after=2026-04-04 06:00:00+00:00
[2026-04-03T07:32:07.901+0000] {processor.py:183} INFO - Processing /opt/airflow/dags/ecommerce_pipeline.py took 0.176 seconds
