[2026-04-03T07:08:22.464+0000] {taskinstance.py:1956} INFO - Dependencies all met for dep_context=non-requeueable deps ti=<TaskInstance: ecommerce_pipeline.load_to_bronze scheduled__2026-04-02T06:00:00+00:00 [queued]>
[2026-04-03T07:08:22.496+0000] {taskinstance.py:1956} INFO - Dependencies all met for dep_context=requeueable deps ti=<TaskInstance: ecommerce_pipeline.load_to_bronze scheduled__2026-04-02T06:00:00+00:00 [queued]>
[2026-04-03T07:08:22.499+0000] {taskinstance.py:2170} INFO - Starting attempt 1 of 3
[2026-04-03T07:08:22.549+0000] {taskinstance.py:2191} INFO - Executing <Task(PythonOperator): load_to_bronze> on 2026-04-02 06:00:00+00:00
[2026-04-03T07:08:22.564+0000] {standard_task_runner.py:60} INFO - Started process 219 to run task
[2026-04-03T07:08:22.572+0000] {standard_task_runner.py:87} INFO - Running: ['***', 'tasks', 'run', 'ecommerce_pipeline', 'load_to_bronze', 'scheduled__2026-04-02T06:00:00+00:00', '--job-id', '4', '--raw', '--subdir', 'DAGS_FOLDER/ecommerce_pipeline.py', '--cfg-path', '/tmp/tmpmsr6g3fe']
[2026-04-03T07:08:22.585+0000] {standard_task_runner.py:88} INFO - Job 4: Subtask load_to_bronze
[2026-04-03T07:08:22.784+0000] {task_command.py:423} INFO - Running <TaskInstance: ecommerce_pipeline.load_to_bronze scheduled__2026-04-02T06:00:00+00:00 [running]> on host c469b5febd17
[2026-04-03T07:08:23.014+0000] {taskinstance.py:2480} INFO - Exporting env vars: AIRFLOW_CTX_DAG_OWNER='data-engineering' AIRFLOW_CTX_DAG_ID='ecommerce_pipeline' AIRFLOW_CTX_TASK_ID='load_to_bronze' AIRFLOW_CTX_EXECUTION_DATE='2026-04-02T06:00:00+00:00' AIRFLOW_CTX_TRY_NUMBER='1' AIRFLOW_CTX_DAG_RUN_ID='scheduled__2026-04-02T06:00:00+00:00'
[2026-04-03T07:08:23.067+0000] {taskinstance.py:2698} ERROR - Task failed with exception
Traceback (most recent call last):
  File "/home/airflow/.local/lib/python3.11/site-packages/airflow/models/taskinstance.py", line 433, in _execute_task
    result = execute_callable(context=context, **execute_callable_kwargs)
             ^^^^^^^^^^^^^^^^^^^^^^^^^^^^^^^^^^^^^^^^^^^^^^^^^^^^^^^^^^^^
  File "/home/airflow/.local/lib/python3.11/site-packages/airflow/operators/python.py", line 199, in execute
    return_value = self.execute_callable()
                   ^^^^^^^^^^^^^^^^^^^^^^^
  File "/home/airflow/.local/lib/python3.11/site-packages/airflow/operators/python.py", line 216, in execute_callable
    return self.python_callable(*self.op_args, **self.op_kwargs)
           ^^^^^^^^^^^^^^^^^^^^^^^^^^^^^^^^^^^^^^^^^^^^^^^^^^^^^
  File "/opt/airflow/dags/ecommerce_pipeline.py", line 44, in run_load
    from ingestion.load import run as load_bronze
  File "/opt/airflow/project/ingestion/load.py", line 2, in <module>
    import duckdb
ModuleNotFoundError: No module named 'duckdb'
[2026-04-03T07:08:23.115+0000] {taskinstance.py:1138} INFO - Marking task as UP_FOR_RETRY. dag_id=ecommerce_pipeline, task_id=load_to_bronze, execution_date=20260402T060000, start_date=20260403T070822, end_date=20260403T070823
[2026-04-03T07:08:23.154+0000] {standard_task_runner.py:107} ERROR - Failed to execute job 4 for task load_to_bronze (No module named 'duckdb'; 219)
[2026-04-03T07:08:23.192+0000] {local_task_job_runner.py:234} INFO - Task exited with return code 1
[2026-04-03T07:08:23.262+0000] {taskinstance.py:3280} INFO - 0 downstream tasks scheduled from follow-on schedule check
[2026-04-03T07:27:59.936+0000] {taskinstance.py:1956} INFO - Dependencies all met for dep_context=non-requeueable deps ti=<TaskInstance: ecommerce_pipeline.load_to_bronze scheduled__2026-04-02T06:00:00+00:00 [queued]>
[2026-04-03T07:27:59.973+0000] {taskinstance.py:1956} INFO - Dependencies all met for dep_context=requeueable deps ti=<TaskInstance: ecommerce_pipeline.load_to_bronze scheduled__2026-04-02T06:00:00+00:00 [queued]>
[2026-04-03T07:28:00.001+0000] {taskinstance.py:2170} INFO - Starting attempt 1 of 3
[2026-04-03T07:28:00.057+0000] {taskinstance.py:2191} INFO - Executing <Task(PythonOperator): load_to_bronze> on 2026-04-02 06:00:00+00:00
[2026-04-03T07:28:00.112+0000] {standard_task_runner.py:87} INFO - Running: ['***', 'tasks', 'run', 'ecommerce_pipeline', 'load_to_bronze', 'scheduled__2026-04-02T06:00:00+00:00', '--job-id', '37', '--raw', '--subdir', 'DAGS_FOLDER/ecommerce_pipeline.py', '--cfg-path', '/tmp/tmp8acoo55x']
[2026-04-03T07:28:00.107+0000] {standard_task_runner.py:60} INFO - Started process 210 to run task
[2026-04-03T07:28:00.132+0000] {standard_task_runner.py:88} INFO - Job 37: Subtask load_to_bronze
[2026-04-03T07:28:00.485+0000] {task_command.py:423} INFO - Running <TaskInstance: ecommerce_pipeline.load_to_bronze scheduled__2026-04-02T06:00:00+00:00 [running]> on host e90da0356264
[2026-04-03T07:28:00.741+0000] {taskinstance.py:2480} INFO - Exporting env vars: AIRFLOW_CTX_DAG_OWNER='data-engineering' AIRFLOW_CTX_DAG_ID='ecommerce_pipeline' AIRFLOW_CTX_TASK_ID='load_to_bronze' AIRFLOW_CTX_EXECUTION_DATE='2026-04-02T06:00:00+00:00' AIRFLOW_CTX_TRY_NUMBER='1' AIRFLOW_CTX_DAG_RUN_ID='scheduled__2026-04-02T06:00:00+00:00'
[2026-04-03T07:28:01.337+0000] {logging_mixin.py:188} INFO - Schemas ready: bronze, silver, gold
[2026-04-03T07:28:01.351+0000] {logging_mixin.py:188} INFO - 
Loading: products (194 records)
[2026-04-03T07:28:05.554+0000] {logging_mixin.py:188} INFO -   Loaded 194 rows → bronze.products_raw
[2026-04-03T07:28:05.556+0000] {logging_mixin.py:188} INFO - 
Loading: carts (50 records)
[2026-04-03T07:28:05.747+0000] {logging_mixin.py:188} INFO -   Loaded 50 rows → bronze.carts_raw
[2026-04-03T07:28:05.752+0000] {logging_mixin.py:188} INFO - 
Loading: users (208 records)
[2026-04-03T07:28:06.659+0000] {logging_mixin.py:188} INFO -   Loaded 208 rows → bronze.users_raw
[2026-04-03T07:28:06.750+0000] {logging_mixin.py:188} INFO - 
Bronze load complete.
[2026-04-03T07:28:06.752+0000] {logging_mixin.py:188} INFO - Bronze load complete
[2026-04-03T07:28:06.752+0000] {python.py:201} INFO - Done. Returned value was: None
[2026-04-03T07:28:06.766+0000] {taskinstance.py:1138} INFO - Marking task as SUCCESS. dag_id=ecommerce_pipeline, task_id=load_to_bronze, execution_date=20260402T060000, start_date=20260403T072759, end_date=20260403T072806
[2026-04-03T07:28:06.819+0000] {local_task_job_runner.py:234} INFO - Task exited with return code 0
[2026-04-03T07:28:06.849+0000] {taskinstance.py:3280} INFO - 1 downstream tasks scheduled from follow-on schedule check
