[2026-04-03T07:31:03.405+0000] {taskinstance.py:1956} INFO - Dependencies all met for dep_context=non-requeueable deps ti=<TaskInstance: ecommerce_pipeline.load_to_bronze manual__2026-04-03T07:27:53.166320+00:00 [queued]>
[2026-04-03T07:31:03.414+0000] {taskinstance.py:1956} INFO - Dependencies all met for dep_context=requeueable deps ti=<TaskInstance: ecommerce_pipeline.load_to_bronze manual__2026-04-03T07:27:53.166320+00:00 [queued]>
[2026-04-03T07:31:03.415+0000] {taskinstance.py:2170} INFO - Starting attempt 2 of 3
[2026-04-03T07:31:03.426+0000] {taskinstance.py:2191} INFO - Executing <Task(PythonOperator): load_to_bronze> on 2026-04-03 07:27:53.166320+00:00
[2026-04-03T07:31:03.431+0000] {standard_task_runner.py:60} INFO - Started process 777 to run task
[2026-04-03T07:31:03.436+0000] {standard_task_runner.py:87} INFO - Running: ['***', 'tasks', 'run', 'ecommerce_pipeline', 'load_to_bronze', 'manual__2026-04-03T07:27:53.166320+00:00', '--job-id', '43', '--raw', '--subdir', 'DAGS_FOLDER/ecommerce_pipeline.py', '--cfg-path', '/tmp/tmpj6i7sc3k']
[2026-04-03T07:31:03.439+0000] {standard_task_runner.py:88} INFO - Job 43: Subtask load_to_bronze
[2026-04-03T07:31:03.513+0000] {task_command.py:423} INFO - Running <TaskInstance: ecommerce_pipeline.load_to_bronze manual__2026-04-03T07:27:53.166320+00:00 [running]> on host e90da0356264
[2026-04-03T07:31:03.588+0000] {taskinstance.py:2480} INFO - Exporting env vars: AIRFLOW_CTX_DAG_OWNER='data-engineering' AIRFLOW_CTX_DAG_ID='ecommerce_pipeline' AIRFLOW_CTX_TASK_ID='load_to_bronze' AIRFLOW_CTX_EXECUTION_DATE='2026-04-03T07:27:53.166320+00:00' AIRFLOW_CTX_TRY_NUMBER='2' AIRFLOW_CTX_DAG_RUN_ID='manual__2026-04-03T07:27:53.166320+00:00'
[2026-04-03T07:31:03.670+0000] {logging_mixin.py:188} INFO - Schemas ready: bronze, silver, gold
[2026-04-03T07:31:03.676+0000] {logging_mixin.py:188} INFO - 
Loading: products (194 records)
[2026-04-03T07:31:04.688+0000] {logging_mixin.py:188} INFO -   Loaded 194 rows → bronze.products_raw
[2026-04-03T07:31:04.689+0000] {logging_mixin.py:188} INFO - 
Loading: carts (50 records)
[2026-04-03T07:31:04.851+0000] {logging_mixin.py:188} INFO -   Loaded 50 rows → bronze.carts_raw
[2026-04-03T07:31:04.856+0000] {logging_mixin.py:188} INFO - 
Loading: users (208 records)
[2026-04-03T07:31:05.530+0000] {logging_mixin.py:188} INFO -   Loaded 208 rows → bronze.users_raw
[2026-04-03T07:31:05.620+0000] {logging_mixin.py:188} INFO - 
Bronze load complete.
[2026-04-03T07:31:05.621+0000] {logging_mixin.py:188} INFO - Bronze load complete
[2026-04-03T07:31:05.622+0000] {python.py:201} INFO - Done. Returned value was: None
[2026-04-03T07:31:05.633+0000] {taskinstance.py:1138} INFO - Marking task as SUCCESS. dag_id=ecommerce_pipeline, task_id=load_to_bronze, execution_date=20260403T072753, start_date=20260403T073103, end_date=20260403T073105
[2026-04-03T07:31:05.696+0000] {local_task_job_runner.py:234} INFO - Task exited with return code 0
[2026-04-03T07:31:05.720+0000] {taskinstance.py:3280} INFO - 1 downstream tasks scheduled from follow-on schedule check
