[2026-04-03T07:28:01.581+0000] {taskinstance.py:1956} INFO - Dependencies all met for dep_context=non-requeueable deps ti=<TaskInstance: ecommerce_pipeline.load_to_bronze manual__2026-04-03T07:27:53.166320+00:00 [queued]>
[2026-04-03T07:28:01.601+0000] {taskinstance.py:1956} INFO - Dependencies all met for dep_context=requeueable deps ti=<TaskInstance: ecommerce_pipeline.load_to_bronze manual__2026-04-03T07:27:53.166320+00:00 [queued]>
[2026-04-03T07:28:01.605+0000] {taskinstance.py:2170} INFO - Starting attempt 1 of 3
[2026-04-03T07:28:01.637+0000] {taskinstance.py:2191} INFO - Executing <Task(PythonOperator): load_to_bronze> on 2026-04-03 07:27:53.166320+00:00
[2026-04-03T07:28:01.648+0000] {standard_task_runner.py:60} INFO - Started process 227 to run task
[2026-04-03T07:28:01.654+0000] {standard_task_runner.py:87} INFO - Running: ['***', 'tasks', 'run', 'ecommerce_pipeline', 'load_to_bronze', 'manual__2026-04-03T07:27:53.166320+00:00', '--job-id', '38', '--raw', '--subdir', 'DAGS_FOLDER/ecommerce_pipeline.py', '--cfg-path', '/tmp/tmp2wa9zepf']
[2026-04-03T07:28:01.660+0000] {standard_task_runner.py:88} INFO - Job 38: Subtask load_to_bronze
[2026-04-03T07:28:01.811+0000] {task_command.py:423} INFO - Running <TaskInstance: ecommerce_pipeline.load_to_bronze manual__2026-04-03T07:27:53.166320+00:00 [running]> on host e90da0356264
[2026-04-03T07:28:02.010+0000] {taskinstance.py:2480} INFO - Exporting env vars: AIRFLOW_CTX_DAG_OWNER='data-engineering' AIRFLOW_CTX_DAG_ID='ecommerce_pipeline' AIRFLOW_CTX_TASK_ID='load_to_bronze' AIRFLOW_CTX_EXECUTION_DATE='2026-04-03T07:27:53.166320+00:00' AIRFLOW_CTX_TRY_NUMBER='1' AIRFLOW_CTX_DAG_RUN_ID='manual__2026-04-03T07:27:53.166320+00:00'
[2026-04-03T07:28:02.253+0000] {taskinstance.py:2698} ERROR - Task failed with exception
Traceback (most recent call last):
  File "/home/airflow/.local/lib/python3.11/site-packages/airflow/models/taskinstance.py", line 433, in _execute_task
    result = execute_callable(context=context, **execute_callable_kwargs)
             ^^^^^^^^^^^^^^^^^^^^^^^^^^^^^^^^^^^^^^^^^^^^^^^^^^^^^^^^^^^^
  File "/home/airflow/.local/lib/python3.11/site-packages/airflow/operators/python.py", line 199, in execute
    return_value = self.execute_callable()
                   ^^^^^^^^^^^^^^^^^^^^^^^
  File "/home/airflow/.local/lib/python3.11/site-packages/airflow/operators/python.py", line 216, in execute_callable
    return self.python_callable(*self.op_args, **self.op_kwargs)
           ^^^^^^^^^^^^^^^^^^^^^^^^^^^^^^^^^^^^^^^^^^^^^^^^^^^^^
  File "/opt/airflow/dags/ecommerce_pipeline.py", line 49, in run_load
    load_bronze(raw_files)
  File "/opt/airflow/project/ingestion/load.py", line 142, in run
    conn = get_connection()
           ^^^^^^^^^^^^^^^^
  File "/opt/airflow/project/ingestion/load.py", line 11, in get_connection
    return duckdb.connect(DB_PATH)
           ^^^^^^^^^^^^^^^^^^^^^^^
_duckdb.IOException: IO Error: Could not set lock on file "/opt/***/data/ecommerce.duckdb": Conflicting lock is held in /usr/local/bin/python3.11 (PID 210). See also https://duckdb.org/docs/stable/connect/concurrency
[2026-04-03T07:28:02.292+0000] {taskinstance.py:1138} INFO - Marking task as UP_FOR_RETRY. dag_id=ecommerce_pipeline, task_id=load_to_bronze, execution_date=20260403T072753, start_date=20260403T072801, end_date=20260403T072802
[2026-04-03T07:28:02.329+0000] {standard_task_runner.py:107} ERROR - Failed to execute job 38 for task load_to_bronze (IO Error: Could not set lock on file "/opt/***/data/ecommerce.duckdb": Conflicting lock is held in /usr/local/bin/python3.11 (PID 210). See also https://duckdb.org/docs/stable/connect/concurrency; 227)
[2026-04-03T07:28:02.386+0000] {local_task_job_runner.py:234} INFO - Task exited with return code 1
[2026-04-03T07:28:02.473+0000] {taskinstance.py:3280} INFO - 0 downstream tasks scheduled from follow-on schedule check
